11:14:01:127  INFO 11808 --- [main] com.hmall.pay.payApplication             : Starting payApplication using Java 11.0.26 on JUN with PID 11808 (D:\javacode\heima-mall\hmall\pay-serivice\target\classes started by lenovo in D:\javacode\heima-mall\hmall)
11:14:01:131 DEBUG 11808 --- [main] com.hmall.pay.payApplication             : Running with Spring Boot v2.7.12, Spring v5.3.27
11:14:01:132  INFO 11808 --- [main] com.hmall.pay.payApplication             : The following 1 profile is active: "local"
11:14:02:340  INFO 11808 --- [main] o.s.cloud.context.scope.GenericScope     : BeanFactory id=a8348115-e2f4-36af-96cf-594bf438effb
11:14:02:701  INFO 11808 --- [main] o.s.b.w.embedded.tomcat.TomcatWebServer  : Tomcat initialized with port(s): 8086 (http)
11:14:02:702  INFO 11808 --- [main] o.a.catalina.core.AprLifecycleListener   : Loaded Apache Tomcat Native library [2.0.8] using APR version [1.7.4].
11:14:02:702  INFO 11808 --- [main] o.a.catalina.core.AprLifecycleListener   : APR capabilities: IPv6 [true], sendfile [true], accept filters [false], random [true], UDS [true].
11:14:02:704  INFO 11808 --- [main] o.a.catalina.core.AprLifecycleListener   : APR/OpenSSL configuration: useAprConnector [false], useOpenSSL [true]
11:14:02:709  INFO 11808 --- [main] o.a.catalina.core.AprLifecycleListener   : OpenSSL successfully initialized [OpenSSL 3.0.14 4 Jun 2024]
11:14:02:718  INFO 11808 --- [main] o.apache.catalina.core.StandardService   : Starting service [Tomcat]
11:14:02:719  INFO 11808 --- [main] org.apache.catalina.core.StandardEngine  : Starting Servlet engine: [Apache Tomcat/9.0.75]
11:14:02:830  INFO 11808 --- [main] o.a.c.c.C.[Tomcat].[localhost].[/]       : Initializing Spring embedded WebApplicationContext
11:14:02:831  INFO 11808 --- [main] w.s.c.ServletWebServerApplicationContext : Root WebApplicationContext: initialization completed in 1641 ms
11:14:03:035  INFO 11808 --- [main] o.s.c.openfeign.FeignClientFactoryBean   : For 'user-service' URL not provided. Will try picking an instance via load-balancing.
11:14:06:056  INFO 11808 --- [main] pertySourcedRequestMappingHandlerMapping : Mapped URL path [/v2/api-docs] onto method [springfox.documentation.swagger2.web.Swagger2ControllerWebMvc#getDocumentation(String, HttpServletRequest)]
11:14:06:905  INFO 11808 --- [main] com.alibaba.nacos.common.remote.client   : [RpcClientFactory] create a new rpc client of 3a543970-e546-44af-90d1-5940eb273817
11:14:06:942  INFO 11808 --- [main] org.reflections.Reflections              : Reflections took 17 ms to scan 1 urls, producing 3 keys and 6 values 
11:14:06:964  INFO 11808 --- [main] org.reflections.Reflections              : Reflections took 5 ms to scan 1 urls, producing 4 keys and 9 values 
11:14:06:970  INFO 11808 --- [main] org.reflections.Reflections              : Reflections took 4 ms to scan 1 urls, producing 3 keys and 10 values 
11:14:06:972  WARN 11808 --- [main] org.reflections.Reflections              : given scan urls are empty. set urls in the configuration
11:14:06:977  INFO 11808 --- [main] org.reflections.Reflections              : Reflections took 5 ms to scan 1 urls, producing 1 keys and 5 values 
11:14:06:985  INFO 11808 --- [main] org.reflections.Reflections              : Reflections took 5 ms to scan 1 urls, producing 1 keys and 7 values 
11:14:06:990  INFO 11808 --- [main] org.reflections.Reflections              : Reflections took 4 ms to scan 1 urls, producing 2 keys and 8 values 
11:14:06:992  WARN 11808 --- [main] org.reflections.Reflections              : given scan urls are empty. set urls in the configuration
11:14:06:993  INFO 11808 --- [main] com.alibaba.nacos.common.remote.client   : [3a543970-e546-44af-90d1-5940eb273817] RpcClient init label, labels = {module=naming, source=sdk}
11:14:06:994  INFO 11808 --- [main] com.alibaba.nacos.common.remote.client   : [3a543970-e546-44af-90d1-5940eb273817] RpcClient init, ServerListFactory = com.alibaba.nacos.client.naming.core.ServerListManager
11:14:06:994  INFO 11808 --- [main] com.alibaba.nacos.common.remote.client   : [3a543970-e546-44af-90d1-5940eb273817] Registry connection listener to current client:com.alibaba.nacos.client.naming.remote.gprc.redo.NamingGrpcRedoService
11:14:06:995  INFO 11808 --- [main] com.alibaba.nacos.common.remote.client   : [3a543970-e546-44af-90d1-5940eb273817] Register server push request handler:com.alibaba.nacos.client.naming.remote.gprc.NamingPushRequestHandler
11:14:06:996  INFO 11808 --- [main] com.alibaba.nacos.common.remote.client   : [3a543970-e546-44af-90d1-5940eb273817] Try to connect to server on start up, server: {serverIp = 'localhost', server main port = 8848}
11:14:08:749  INFO 11808 --- [main] com.alibaba.nacos.common.remote.client   : [3a543970-e546-44af-90d1-5940eb273817] Success to connect to server [localhost:8848] on start up, connectionId = 1745291648563_127.0.0.1_59369
11:14:08:749  INFO 11808 --- [com.alibaba.nacos.client.remote.worker] com.alibaba.nacos.common.remote.client   : [3a543970-e546-44af-90d1-5940eb273817] Notify connected event to listeners.
11:14:08:750  INFO 11808 --- [main] com.alibaba.nacos.common.remote.client   : [3a543970-e546-44af-90d1-5940eb273817] Register server push request handler:com.alibaba.nacos.common.remote.client.RpcClient$ConnectResetRequestHandler
11:14:08:751  INFO 11808 --- [main] com.alibaba.nacos.common.remote.client   : [3a543970-e546-44af-90d1-5940eb273817] Register server push request handler:com.alibaba.nacos.common.remote.client.RpcClient$$Lambda$1071/0x00000008007a5840
11:14:08:813  INFO 11808 --- [main] o.s.b.w.embedded.tomcat.TomcatWebServer  : Tomcat started on port(s): 8086 (http) with context path ''
11:14:08:826  INFO 11808 --- [main] c.a.c.n.registry.NacosServiceRegistry    : nacos registry, DEFAULT_GROUP pay-service 192.168.249.1:8086 register finished
11:14:09:334  INFO 11808 --- [nacos-grpc-client-executor-8] com.alibaba.nacos.common.remote.client   : [3a543970-e546-44af-90d1-5940eb273817] Receive server push request, request = NotifySubscriberRequest, requestId = 4
11:14:09:354  INFO 11808 --- [nacos-grpc-client-executor-8] com.alibaba.nacos.common.remote.client   : [3a543970-e546-44af-90d1-5940eb273817] Ack server push request, request = NotifySubscriberRequest, requestId = 4
11:14:09:411  INFO 11808 --- [main] d.s.w.p.DocumentationPluginsBootstrapper : Documentation plugins bootstrapped
11:14:09:414  INFO 11808 --- [main] d.s.w.p.DocumentationPluginsBootstrapper : Found 1 custom documentation plugin(s)
11:14:09:439  INFO 11808 --- [main] s.d.s.w.s.ApiListingReferenceScanner     : Scanning for api listing references
11:14:09:535  INFO 11808 --- [main] com.hmall.pay.payApplication             : Started payApplication in 9.584 seconds (JVM running for 11.04)
