11:14:35:019  INFO 8364 --- [main] com.hmall.HMallApplication               : Starting HMallApplication using Java 11.0.26 on JUN with PID 8364 (D:\javacode\heima-mall\hmall\hm-service\target\classes started by lenovo in D:\javacode\heima-mall\hmall)
11:14:35:028 DEBUG 8364 --- [main] com.hmall.HMallApplication               : Running with Spring Boot v2.7.12, Spring v5.3.27
11:14:35:029  INFO 8364 --- [main] com.hmall.HMallApplication               : The following 1 profile is active: "local"
11:14:36:428  INFO 8364 --- [main] .s.d.r.c.RepositoryConfigurationDelegate : Multiple Spring Data modules found, entering strict repository configuration mode
11:14:36:430  INFO 8364 --- [main] .s.d.r.c.RepositoryConfigurationDelegate : Bootstrapping Spring Data Redis repositories in DEFAULT mode.
11:14:36:472  INFO 8364 --- [main] .s.d.r.c.RepositoryConfigurationDelegate : Finished Spring Data repository scanning in 16 ms. Found 0 Redis repository interfaces.
11:14:36:883  INFO 8364 --- [main] o.s.b.w.embedded.tomcat.TomcatWebServer  : Tomcat initialized with port(s): 8080 (http)
11:14:36:981  INFO 8364 --- [main] w.s.c.ServletWebServerApplicationContext : Root WebApplicationContext: initialization completed in 1916 ms
11:14:38:727  INFO 8364 --- [main] pertySourcedRequestMappingHandlerMapping : Mapped URL path [/v2/api-docs] onto method [springfox.documentation.swagger2.web.Swagger2ControllerWebMvc#getDocumentation(String, HttpServletRequest)]
11:14:39:012  WARN 8364 --- [main] ConfigServletWebServerApplicationContext : Exception encountered during context initialization - cancelling refresh attempt: org.springframework.context.ApplicationContextException: Failed to start bean 'webServerStartStop'; nested exception is org.springframework.boot.web.server.PortInUseException: Port 8080 is already in use
17:12:45:195  INFO 14348 --- [main] com.hmall.HMallApplication               : Starting HMallApplication using Java 11.0.26 on JUN with PID 14348 (D:\javacode\heima-mall\hmall\hm-service\target\classes started by lenovo in D:\javacode\heima-mall\hmall)
17:12:45:196 DEBUG 14348 --- [main] com.hmall.HMallApplication               : Running with Spring Boot v2.7.12, Spring v5.3.27
17:12:45:197  INFO 14348 --- [main] com.hmall.HMallApplication               : The following 1 profile is active: "local"
17:12:46:499  INFO 14348 --- [main] .s.d.r.c.RepositoryConfigurationDelegate : Multiple Spring Data modules found, entering strict repository configuration mode
17:12:46:501  INFO 14348 --- [main] .s.d.r.c.RepositoryConfigurationDelegate : Bootstrapping Spring Data Redis repositories in DEFAULT mode.
17:12:46:528  INFO 14348 --- [main] .s.d.r.c.RepositoryConfigurationDelegate : Finished Spring Data repository scanning in 11 ms. Found 0 Redis repository interfaces.
17:12:46:937  INFO 14348 --- [main] o.s.b.w.embedded.tomcat.TomcatWebServer  : Tomcat initialized with port(s): 8080 (http)
17:12:46:938  INFO 14348 --- [main] o.a.catalina.core.AprLifecycleListener   : Loaded Apache Tomcat Native library [2.0.8] using APR version [1.7.4].
17:12:46:939  INFO 14348 --- [main] o.a.catalina.core.AprLifecycleListener   : APR capabilities: IPv6 [true], sendfile [true], accept filters [false], random [true], UDS [true].
17:12:46:939  INFO 14348 --- [main] o.a.catalina.core.AprLifecycleListener   : APR/OpenSSL configuration: useAprConnector [false], useOpenSSL [true]
17:12:46:943  INFO 14348 --- [main] o.a.catalina.core.AprLifecycleListener   : OpenSSL successfully initialized [OpenSSL 3.0.14 4 Jun 2024]
17:12:46:949  INFO 14348 --- [main] o.apache.catalina.core.StandardService   : Starting service [Tomcat]
17:12:46:951  INFO 14348 --- [main] org.apache.catalina.core.StandardEngine  : Starting Servlet engine: [Apache Tomcat/9.0.75]
17:12:47:072  INFO 14348 --- [main] o.a.c.c.C.[Tomcat].[localhost].[/]       : Initializing Spring embedded WebApplicationContext
17:12:47:072  INFO 14348 --- [main] w.s.c.ServletWebServerApplicationContext : Root WebApplicationContext: initialization completed in 1839 ms
17:12:49:008  INFO 14348 --- [main] pertySourcedRequestMappingHandlerMapping : Mapped URL path [/v2/api-docs] onto method [springfox.documentation.swagger2.web.Swagger2ControllerWebMvc#getDocumentation(String, HttpServletRequest)]
17:12:49:310  WARN 14348 --- [main] ConfigServletWebServerApplicationContext : Exception encountered during context initialization - cancelling refresh attempt: org.springframework.context.ApplicationContextException: Failed to start bean 'webServerStartStop'; nested exception is org.springframework.boot.web.server.PortInUseException: Port 8080 is already in use
18:40:20:012  INFO 34572 --- [main] com.hmall.HMallApplication               : Starting HMallApplication using Java 11.0.26 on JUN with PID 34572 (D:\javacode\heima-mall\hmall\hm-service\target\classes started by lenovo in D:\javacode\heima-mall\hmall)
18:40:20:013 DEBUG 34572 --- [main] com.hmall.HMallApplication               : Running with Spring Boot v2.7.12, Spring v5.3.27
18:40:20:014  INFO 34572 --- [main] com.hmall.HMallApplication               : The following 1 profile is active: "local"
18:40:21:466  INFO 34572 --- [main] .s.d.r.c.RepositoryConfigurationDelegate : Multiple Spring Data modules found, entering strict repository configuration mode
18:40:21:469  INFO 34572 --- [main] .s.d.r.c.RepositoryConfigurationDelegate : Bootstrapping Spring Data Redis repositories in DEFAULT mode.
18:40:21:500  INFO 34572 --- [main] .s.d.r.c.RepositoryConfigurationDelegate : Finished Spring Data repository scanning in 17 ms. Found 0 Redis repository interfaces.
18:40:21:892  INFO 34572 --- [main] o.s.b.w.embedded.tomcat.TomcatWebServer  : Tomcat initialized with port(s): 8080 (http)
18:40:22:026  INFO 34572 --- [main] w.s.c.ServletWebServerApplicationContext : Root WebApplicationContext: initialization completed in 1982 ms
18:40:23:726  INFO 34572 --- [main] pertySourcedRequestMappingHandlerMapping : Mapped URL path [/v2/api-docs] onto method [springfox.documentation.swagger2.web.Swagger2ControllerWebMvc#getDocumentation(String, HttpServletRequest)]
18:40:23:993  WARN 34572 --- [main] ConfigServletWebServerApplicationContext : Exception encountered during context initialization - cancelling refresh attempt: org.springframework.context.ApplicationContextException: Failed to start bean 'webServerStartStop'; nested exception is org.springframework.boot.web.server.PortInUseException: Port 8080 is already in use
