11:14:33:717  INFO 21920 --- [main] com.alibaba.nacos.common.remote.client   : [RpcClientFactory] create a new rpc client of ad51ee6d-1f42-4b11-9e41-364ce81908ce_config-0
11:14:33:759  INFO 21920 --- [main] org.reflections.Reflections              : Reflections took 21 ms to scan 1 urls, producing 3 keys and 6 values 
11:14:33:782  INFO 21920 --- [main] org.reflections.Reflections              : Reflections took 9 ms to scan 1 urls, producing 4 keys and 9 values 
11:14:33:790  INFO 21920 --- [main] org.reflections.Reflections              : Reflections took 6 ms to scan 1 urls, producing 3 keys and 10 values 
11:14:33:793  WARN 21920 --- [main] org.reflections.Reflections              : given scan urls are empty. set urls in the configuration
11:14:33:801  INFO 21920 --- [main] org.reflections.Reflections              : Reflections took 5 ms to scan 1 urls, producing 1 keys and 5 values 
11:14:33:813  INFO 21920 --- [main] org.reflections.Reflections              : Reflections took 9 ms to scan 1 urls, producing 1 keys and 7 values 
11:14:33:828  INFO 21920 --- [main] org.reflections.Reflections              : Reflections took 12 ms to scan 1 urls, producing 2 keys and 8 values 
11:14:33:830  WARN 21920 --- [main] org.reflections.Reflections              : given scan urls are empty. set urls in the configuration
11:14:33:832  INFO 21920 --- [main] com.alibaba.nacos.common.remote.client   : [ad51ee6d-1f42-4b11-9e41-364ce81908ce_config-0] RpcClient init label, labels = {module=config, Vipserver-Tag=null, source=sdk, Amory-Tag=null, Location-Tag=null, taskId=0, AppName=unknown}
11:14:33:833  INFO 21920 --- [main] com.alibaba.nacos.common.remote.client   : [ad51ee6d-1f42-4b11-9e41-364ce81908ce_config-0] Register server push request handler:com.alibaba.nacos.client.config.impl.ClientWorker$ConfigRpcTransportClient$$Lambda$459/0x00000008003db440
11:14:33:833  INFO 21920 --- [main] com.alibaba.nacos.common.remote.client   : [ad51ee6d-1f42-4b11-9e41-364ce81908ce_config-0] Register server push request handler:com.alibaba.nacos.client.config.impl.ClientWorker$ConfigRpcTransportClient$$Lambda$460/0x00000008003da840
11:14:33:833  INFO 21920 --- [main] com.alibaba.nacos.common.remote.client   : [ad51ee6d-1f42-4b11-9e41-364ce81908ce_config-0] Registry connection listener to current client:com.alibaba.nacos.client.config.impl.ClientWorker$ConfigRpcTransportClient$1
11:14:33:834  INFO 21920 --- [main] com.alibaba.nacos.common.remote.client   : [ad51ee6d-1f42-4b11-9e41-364ce81908ce_config-0] RpcClient init, ServerListFactory = com.alibaba.nacos.client.config.impl.ClientWorker$ConfigRpcTransportClient$2
11:14:33:842  INFO 21920 --- [main] com.alibaba.nacos.common.remote.client   : [ad51ee6d-1f42-4b11-9e41-364ce81908ce_config-0] Try to connect to server on start up, server: {serverIp = '127.0.0.1', server main port = 8848}
11:14:35:533  INFO 21920 --- [main] com.alibaba.nacos.common.remote.client   : [ad51ee6d-1f42-4b11-9e41-364ce81908ce_config-0] Success to connect to server [127.0.0.1:8848] on start up, connectionId = 1745291675344_127.0.0.1_59882
11:14:35:534  INFO 21920 --- [main] com.alibaba.nacos.common.remote.client   : [ad51ee6d-1f42-4b11-9e41-364ce81908ce_config-0] Register server push request handler:com.alibaba.nacos.common.remote.client.RpcClient$ConnectResetRequestHandler
11:14:35:533  INFO 21920 --- [com.alibaba.nacos.client.remote.worker] com.alibaba.nacos.common.remote.client   : [ad51ee6d-1f42-4b11-9e41-364ce81908ce_config-0] Notify connected event to listeners.
11:14:35:535  INFO 21920 --- [main] com.alibaba.nacos.common.remote.client   : [ad51ee6d-1f42-4b11-9e41-364ce81908ce_config-0] Register server push request handler:com.alibaba.nacos.common.remote.client.RpcClient$$Lambda$474/0x0000000800436040
11:14:35:588  WARN 21920 --- [main] c.a.c.n.c.NacosPropertySourceBuilder     : Ignore the empty nacos configuration and get it based on dataId[cart-service] & group[DEFAULT_GROUP]
11:14:35:599  WARN 21920 --- [main] c.a.c.n.c.NacosPropertySourceBuilder     : Ignore the empty nacos configuration and get it based on dataId[cart-service.properties] & group[DEFAULT_GROUP]
11:14:35:607  WARN 21920 --- [main] c.a.c.n.c.NacosPropertySourceBuilder     : Ignore the empty nacos configuration and get it based on dataId[cart-service-local.properties] & group[DEFAULT_GROUP]
11:14:35:608  INFO 21920 --- [main] b.c.PropertySourceBootstrapConfiguration : Located property source: [BootstrapPropertySource {name='bootstrapProperties-cart-service-local.properties,DEFAULT_GROUP'}, BootstrapPropertySource {name='bootstrapProperties-cart-service.properties,DEFAULT_GROUP'}, BootstrapPropertySource {name='bootstrapProperties-cart-service,DEFAULT_GROUP'}]
11:14:35:619  INFO 21920 --- [main] com.hmall.cart.cartApplication           : The following 1 profile is active: "local"
11:14:36:463  INFO 21920 --- [main] o.s.cloud.context.scope.GenericScope     : BeanFactory id=3581025f-f804-3e73-9e69-8c94027c4b60
11:14:36:870  INFO 21920 --- [main] o.s.b.w.embedded.tomcat.TomcatWebServer  : Tomcat initialized with port(s): 8082 (http)
11:14:36:871  INFO 21920 --- [main] o.a.catalina.core.AprLifecycleListener   : Loaded Apache Tomcat Native library [2.0.8] using APR version [1.7.4].
11:14:36:871  INFO 21920 --- [main] o.a.catalina.core.AprLifecycleListener   : APR capabilities: IPv6 [true], sendfile [true], accept filters [false], random [true], UDS [true].
11:14:36:871  INFO 21920 --- [main] o.a.catalina.core.AprLifecycleListener   : APR/OpenSSL configuration: useAprConnector [false], useOpenSSL [true]
11:14:36:874  INFO 21920 --- [main] o.a.catalina.core.AprLifecycleListener   : OpenSSL successfully initialized [OpenSSL 3.0.14 4 Jun 2024]
11:14:36:881  INFO 21920 --- [main] o.apache.catalina.core.StandardService   : Starting service [Tomcat]
11:14:36:881  INFO 21920 --- [main] org.apache.catalina.core.StandardEngine  : Starting Servlet engine: [Apache Tomcat/9.0.75]
11:14:36:980  INFO 21920 --- [main] o.a.c.c.C.[Tomcat].[localhost].[/]       : Initializing Spring embedded WebApplicationContext
11:14:36:980  INFO 21920 --- [main] w.s.c.ServletWebServerApplicationContext : Root WebApplicationContext: initialization completed in 1349 ms
11:14:37:177  INFO 21920 --- [main] o.s.c.openfeign.FeignClientFactoryBean   : For 'item-service' URL not provided. Will try picking an instance via load-balancing.
11:14:38:571  INFO 21920 --- [main] c.a.c.sentinel.SentinelWebMvcConfigurer  : [Sentinel Starter] register SentinelWebInterceptor with urlPatterns: [/**].
11:14:39:183  INFO 21920 --- [main] pertySourcedRequestMappingHandlerMapping : Mapped URL path [/v2/api-docs] onto method [springfox.documentation.swagger2.web.Swagger2ControllerWebMvc#getDocumentation(String, HttpServletRequest)]
11:14:39:895  INFO 21920 --- [main] com.alibaba.nacos.common.remote.client   : [RpcClientFactory] create a new rpc client of c649d9d7-59d2-47c1-86c6-0fdad87c05ff
11:14:39:896  INFO 21920 --- [main] com.alibaba.nacos.common.remote.client   : [c649d9d7-59d2-47c1-86c6-0fdad87c05ff] RpcClient init label, labels = {module=naming, source=sdk}
11:14:39:897  INFO 21920 --- [main] com.alibaba.nacos.common.remote.client   : [c649d9d7-59d2-47c1-86c6-0fdad87c05ff] RpcClient init, ServerListFactory = com.alibaba.nacos.client.naming.core.ServerListManager
11:14:39:897  INFO 21920 --- [main] com.alibaba.nacos.common.remote.client   : [c649d9d7-59d2-47c1-86c6-0fdad87c05ff] Registry connection listener to current client:com.alibaba.nacos.client.naming.remote.gprc.redo.NamingGrpcRedoService
11:14:39:897  INFO 21920 --- [main] com.alibaba.nacos.common.remote.client   : [c649d9d7-59d2-47c1-86c6-0fdad87c05ff] Register server push request handler:com.alibaba.nacos.client.naming.remote.gprc.NamingPushRequestHandler
11:14:39:899  INFO 21920 --- [main] com.alibaba.nacos.common.remote.client   : [c649d9d7-59d2-47c1-86c6-0fdad87c05ff] Try to connect to server on start up, server: {serverIp = 'localhost', server main port = 8848}
11:14:40:028  INFO 21920 --- [main] com.alibaba.nacos.common.remote.client   : [c649d9d7-59d2-47c1-86c6-0fdad87c05ff] Success to connect to server [localhost:8848] on start up, connectionId = 1745291679906_127.0.0.1_59895
11:14:40:028  INFO 21920 --- [main] com.alibaba.nacos.common.remote.client   : [c649d9d7-59d2-47c1-86c6-0fdad87c05ff] Register server push request handler:com.alibaba.nacos.common.remote.client.RpcClient$ConnectResetRequestHandler
11:14:40:028  INFO 21920 --- [main] com.alibaba.nacos.common.remote.client   : [c649d9d7-59d2-47c1-86c6-0fdad87c05ff] Register server push request handler:com.alibaba.nacos.common.remote.client.RpcClient$$Lambda$474/0x0000000800436040
11:14:40:028  INFO 21920 --- [com.alibaba.nacos.client.remote.worker] com.alibaba.nacos.common.remote.client   : [c649d9d7-59d2-47c1-86c6-0fdad87c05ff] Notify connected event to listeners.
11:14:40:073  INFO 21920 --- [main] o.s.b.w.embedded.tomcat.TomcatWebServer  : Tomcat started on port(s): 8082 (http) with context path ''
11:14:40:084  INFO 21920 --- [main] c.a.c.n.registry.NacosServiceRegistry    : nacos registry, DEFAULT_GROUP cart-service 192.168.249.1:8082 register finished
11:14:40:452  INFO 21920 --- [main] d.s.w.p.DocumentationPluginsBootstrapper : Documentation plugins bootstrapped
11:14:40:455  INFO 21920 --- [main] d.s.w.p.DocumentationPluginsBootstrapper : Found 1 custom documentation plugin(s)
11:14:40:471  INFO 21920 --- [main] s.d.s.w.s.ApiListingReferenceScanner     : Scanning for api listing references
11:14:40:540  INFO 21920 --- [main] com.hmall.cart.cartApplication           : Started cartApplication in 8.613 seconds (JVM running for 10.853)
11:14:40:548  INFO 21920 --- [main] c.a.c.n.refresh.NacosContextRefresher    : [Nacos Config] Listening config: dataId=cart-service.properties, group=DEFAULT_GROUP
11:14:40:549  INFO 21920 --- [main] c.a.c.n.refresh.NacosContextRefresher    : [Nacos Config] Listening config: dataId=cart-service, group=DEFAULT_GROUP
11:14:40:550  INFO 21920 --- [main] c.a.c.n.refresh.NacosContextRefresher    : [Nacos Config] Listening config: dataId=cart-service-local.properties, group=DEFAULT_GROUP
11:14:40:559  INFO 21920 --- [nacos-grpc-client-executor-6] com.alibaba.nacos.common.remote.client   : [c649d9d7-59d2-47c1-86c6-0fdad87c05ff] Receive server push request, request = NotifySubscriberRequest, requestId = 10
11:14:40:578  INFO 21920 --- [nacos-grpc-client-executor-6] com.alibaba.nacos.common.remote.client   : [c649d9d7-59d2-47c1-86c6-0fdad87c05ff] Ack server push request, request = NotifySubscriberRequest, requestId = 10
11:15:18:916  INFO 21920 --- [http-nio-8082-exec-2] o.a.c.c.C.[Tomcat].[localhost].[/]       : Initializing Spring DispatcherServlet 'dispatcherServlet'
11:15:18:916  INFO 21920 --- [http-nio-8082-exec-2] o.s.web.servlet.DispatcherServlet        : Initializing Servlet 'dispatcherServlet'
11:15:18:917  INFO 21920 --- [http-nio-8082-exec-2] o.s.web.servlet.DispatcherServlet        : Completed initialization in 1 ms
11:15:19:092  INFO 21920 --- [http-nio-8082-exec-2] com.zaxxer.hikari.HikariDataSource       : HikariPool-1 - Starting...
11:15:19:831  INFO 21920 --- [http-nio-8082-exec-2] com.zaxxer.hikari.HikariDataSource       : HikariPool-1 - Start completed.
11:15:19:836 DEBUG 21920 --- [http-nio-8082-exec-2] c.h.cart.mapper.CartMapper.selectList    : ==>  Preparing: SELECT id,user_id,item_id,num,name,spec,price,image,create_time,update_time FROM cart WHERE (user_id = ?)
11:15:19:851 DEBUG 21920 --- [http-nio-8082-exec-2] c.h.cart.mapper.CartMapper.selectList    : ==> Parameters: 1(Long)
11:15:19:907 DEBUG 21920 --- [http-nio-8082-exec-2] c.h.cart.mapper.CartMapper.selectList    : <==      Total: 0
