16:58:02:061  INFO 5820 --- [main] com.hmall.gateway.GatewayApplication     : The following 1 profile is active: "dev"
16:58:02:645  INFO 5820 --- [main] o.s.cloud.context.scope.GenericScope     : BeanFactory id=c1458138-498d-3131-8f1d-2eb53ae7e16c
16:58:02:689  INFO 5820 --- [main] trationDelegate$BeanPostProcessorChecker : Bean 'org.springframework.cloud.client.loadbalancer.reactive.LoadBalancerBeanPostProcessorAutoConfiguration' of type [org.springframework.cloud.client.loadbalancer.reactive.LoadBalancerBeanPostProcessorAutoConfiguration] is not eligible for getting processed by all BeanPostProcessors (for example: not eligible for auto-proxying)
16:58:02:690  INFO 5820 --- [main] trationDelegate$BeanPostProcessorChecker : Bean 'org.springframework.cloud.client.loadbalancer.reactive.LoadBalancerBeanPostProcessorAutoConfiguration$ReactorDeferringLoadBalancerFilterConfig' of type [org.springframework.cloud.client.loadbalancer.reactive.LoadBalancerBeanPostProcessorAutoConfiguration$ReactorDeferringLoadBalancerFilterConfig] is not eligible for getting processed by all BeanPostProcessors (for example: not eligible for auto-proxying)
16:58:02:691  INFO 5820 --- [main] trationDelegate$BeanPostProcessorChecker : Bean 'reactorDeferringLoadBalancerExchangeFilterFunction' of type [org.springframework.cloud.client.loadbalancer.reactive.DeferringLoadBalancerExchangeFilterFunction] is not eligible for getting processed by all BeanPostProcessors (for example: not eligible for auto-proxying)
16:58:03:188 DEBUG 5820 --- [main] c.h.gateway.routers.DynamicRouteLoader   : 监听到路由配置信息: [
    {
        "id": "item",
        "predicates": [{
            "name": "Path",
            "args": {"_genkey_0":"/items/**"}
        }],
        "filters": [],
        "uri": "lb://item-service"
    },
    {
        "id": "cart",
        "predicates": [{
            "name": "Path",
            "args": {"_genkey_0":"/carts/**"}
        }],
        "filters": [],
        "uri": "lb://cart-service"
    },
    {
        "id": "user",
        "predicates": [{
            "name": "Path",
            "args": {"_genkey_0":"/users/**", "_genkey_1":"/addresses/**"}
        }],
        "filters": [],
        "uri": "lb://user-service"
    },
    {
        "id": "trade",
        "predicates": [{
            "name": "Path",
            "args": {"_genkey_0":"/orders/**"}
        }],
        "filters": [],
        "uri": "lb://trade-service"
    },
    {
        "id": "pay",
        "predicates": [{
            "name": "Path",
            "args": {"_genkey_0":"/pay-orders/**"}
        }],
        "filters": [],
        "uri": "lb://pay-service"
    },
     {
        "id": "search",
        "predicates": [{
            "name": "Path",
            "args": {"_genkey_0":"/search/**"}
        }],
        "filters": [],
        "uri": "lb://search-service"
    }
    
]
16:58:04:312  INFO 5820 --- [main] o.s.c.g.r.RouteDefinitionRouteLocator    : Loaded RoutePredicateFactory [After]
16:58:04:312  INFO 5820 --- [main] o.s.c.g.r.RouteDefinitionRouteLocator    : Loaded RoutePredicateFactory [Before]
16:58:04:312  INFO 5820 --- [main] o.s.c.g.r.RouteDefinitionRouteLocator    : Loaded RoutePredicateFactory [Between]
16:58:04:312  INFO 5820 --- [main] o.s.c.g.r.RouteDefinitionRouteLocator    : Loaded RoutePredicateFactory [Cookie]
16:58:04:312  INFO 5820 --- [main] o.s.c.g.r.RouteDefinitionRouteLocator    : Loaded RoutePredicateFactory [Header]
16:58:04:312  INFO 5820 --- [main] o.s.c.g.r.RouteDefinitionRouteLocator    : Loaded RoutePredicateFactory [Host]
16:58:04:312  INFO 5820 --- [main] o.s.c.g.r.RouteDefinitionRouteLocator    : Loaded RoutePredicateFactory [Method]
16:58:04:312  INFO 5820 --- [main] o.s.c.g.r.RouteDefinitionRouteLocator    : Loaded RoutePredicateFactory [Path]
16:58:04:312  INFO 5820 --- [main] o.s.c.g.r.RouteDefinitionRouteLocator    : Loaded RoutePredicateFactory [Query]
16:58:04:312  INFO 5820 --- [main] o.s.c.g.r.RouteDefinitionRouteLocator    : Loaded RoutePredicateFactory [ReadBody]
16:58:04:312  INFO 5820 --- [main] o.s.c.g.r.RouteDefinitionRouteLocator    : Loaded RoutePredicateFactory [RemoteAddr]
16:58:04:312  INFO 5820 --- [main] o.s.c.g.r.RouteDefinitionRouteLocator    : Loaded RoutePredicateFactory [XForwardedRemoteAddr]
16:58:04:312  INFO 5820 --- [main] o.s.c.g.r.RouteDefinitionRouteLocator    : Loaded RoutePredicateFactory [Weight]
16:58:04:312  INFO 5820 --- [main] o.s.c.g.r.RouteDefinitionRouteLocator    : Loaded RoutePredicateFactory [CloudFoundryRouteService]
16:58:05:286  INFO 5820 --- [main] com.alibaba.nacos.common.remote.client   : [RpcClientFactory] create a new rpc client of 42da5976-d7e8-40a6-938b-93dd3d35b06a
16:58:05:286  INFO 5820 --- [main] com.alibaba.nacos.common.remote.client   : [42da5976-d7e8-40a6-938b-93dd3d35b06a] RpcClient init label, labels = {module=naming, source=sdk}
16:58:05:288  INFO 5820 --- [main] com.alibaba.nacos.common.remote.client   : [42da5976-d7e8-40a6-938b-93dd3d35b06a] RpcClient init, ServerListFactory = com.alibaba.nacos.client.naming.core.ServerListManager
16:58:05:289  INFO 5820 --- [main] com.alibaba.nacos.common.remote.client   : [42da5976-d7e8-40a6-938b-93dd3d35b06a] Registry connection listener to current client:com.alibaba.nacos.client.naming.remote.gprc.redo.NamingGrpcRedoService
16:58:05:289  INFO 5820 --- [main] com.alibaba.nacos.common.remote.client   : [42da5976-d7e8-40a6-938b-93dd3d35b06a] Register server push request handler:com.alibaba.nacos.client.naming.remote.gprc.NamingPushRequestHandler
16:58:05:291  INFO 5820 --- [main] com.alibaba.nacos.common.remote.client   : [42da5976-d7e8-40a6-938b-93dd3d35b06a] Try to connect to server on start up, server: {serverIp = '127.0.0.1', server main port = 8848}
16:58:05:418  INFO 5820 --- [main] com.alibaba.nacos.common.remote.client   : [42da5976-d7e8-40a6-938b-93dd3d35b06a] Success to connect to server [127.0.0.1:8848] on start up, connectionId = 1745312285299_127.0.0.1_49970
16:58:05:418  INFO 5820 --- [main] com.alibaba.nacos.common.remote.client   : [42da5976-d7e8-40a6-938b-93dd3d35b06a] Register server push request handler:com.alibaba.nacos.common.remote.client.RpcClient$ConnectResetRequestHandler
16:58:05:418  INFO 5820 --- [main] com.alibaba.nacos.common.remote.client   : [42da5976-d7e8-40a6-938b-93dd3d35b06a] Register server push request handler:com.alibaba.nacos.common.remote.client.RpcClient$$Lambda$467/0x00000008003eb040
16:58:05:418  INFO 5820 --- [com.alibaba.nacos.client.remote.worker] com.alibaba.nacos.common.remote.client   : [42da5976-d7e8-40a6-938b-93dd3d35b06a] Notify connected event to listeners.
16:58:05:862  INFO 5820 --- [main] o.s.b.web.embedded.netty.NettyWebServer  : Netty started on port 8080
16:58:05:982  INFO 5820 --- [nacos-grpc-client-executor-4] com.alibaba.nacos.common.remote.client   : [42da5976-d7e8-40a6-938b-93dd3d35b06a] Receive server push request, request = NotifySubscriberRequest, requestId = 21
16:58:05:983  INFO 5820 --- [nacos-grpc-client-executor-4] com.alibaba.nacos.common.remote.client   : [42da5976-d7e8-40a6-938b-93dd3d35b06a] Ack server push request, request = NotifySubscriberRequest, requestId = 21
16:58:06:692  INFO 5820 --- [main] c.a.c.n.registry.NacosServiceRegistry    : nacos registry, DEFAULT_GROUP gateway 192.168.249.1:8080 register finished
16:58:06:708  INFO 5820 --- [main] com.hmall.gateway.GatewayApplication     : Started GatewayApplication in 7.776 seconds (JVM running for 10.302)
16:58:06:712  INFO 5820 --- [main] c.a.c.n.refresh.NacosContextRefresher    : [Nacos Config] Listening config: dataId=gateway.yaml, group=DEFAULT_GROUP
16:58:06:712  INFO 5820 --- [main] c.a.c.n.refresh.NacosContextRefresher    : [Nacos Config] Listening config: dataId=gateway-dev.yaml, group=DEFAULT_GROUP
16:58:06:712  INFO 5820 --- [main] c.a.c.n.refresh.NacosContextRefresher    : [Nacos Config] Listening config: dataId=gateway, group=DEFAULT_GROUP
16:58:07:277  INFO 5820 --- [nacos-grpc-client-executor-7] com.alibaba.nacos.common.remote.client   : [42da5976-d7e8-40a6-938b-93dd3d35b06a] Receive server push request, request = NotifySubscriberRequest, requestId = 22
16:58:07:299  INFO 5820 --- [nacos-grpc-client-executor-7] com.alibaba.nacos.common.remote.client   : [42da5976-d7e8-40a6-938b-93dd3d35b06a] Ack server push request, request = NotifySubscriberRequest, requestId = 22
17:12:03:109  WARN 5820 --- [Thread-5] c.a.nacos.common.notify.NotifyCenter     : [NotifyCenter] Start destroying Publisher
17:12:03:109  WARN 5820 --- [Thread-1] c.a.n.common.http.HttpClientBeanHolder   : [HttpClientBeanHolder] Start destroying common HttpClient
17:12:03:120  WARN 5820 --- [Thread-5] c.a.nacos.common.notify.NotifyCenter     : [NotifyCenter] Destruction of the end
17:12:03:122  WARN 5820 --- [Thread-1] c.a.n.common.http.HttpClientBeanHolder   : [HttpClientBeanHolder] Destruction of the end
17:12:03:238  INFO 5820 --- [SpringApplicationShutdownHook] c.a.c.n.registry.NacosServiceRegistry    : De-registering from Nacos Server now...
17:12:03:255  INFO 5820 --- [SpringApplicationShutdownHook] c.a.c.n.registry.NacosServiceRegistry    : De-registration finished.
17:12:03:595  INFO 5820 --- [SpringApplicationShutdownHook] com.alibaba.nacos.common.remote.client   : Shutdown rpc client, set status to shutdown
17:12:03:596  INFO 5820 --- [SpringApplicationShutdownHook] com.alibaba.nacos.common.remote.client   : Shutdown client event executor java.util.concurrent.ScheduledThreadPoolExecutor@6b5f71bb[Running, pool size = 2, active threads = 2, queued tasks = 0, completed tasks = 0]
17:12:03:596  INFO 5820 --- [SpringApplicationShutdownHook] com.alibaba.nacos.common.remote.client   : Close current connection 1745312285299_127.0.0.1_49970
17:12:03:600  INFO 5820 --- [nacos-grpc-client-executor-176] c.a.n.c.remote.client.grpc.GrpcClient    : [1745312285299_127.0.0.1_49970]Ignore complete event,isRunning:false,isAbandon=false
17:12:03:613  INFO 5820 --- [SpringApplicationShutdownHook] c.a.n.c.remote.client.grpc.GrpcClient    : Shutdown grpc executor java.util.concurrent.ThreadPoolExecutor@6a2adc01[Running, pool size = 5, active threads = 0, queued tasks = 0, completed tasks = 177]
17:12:26:222  INFO 26792 --- [main] com.hmall.gateway.GatewayApplication     : The following 1 profile is active: "dev"
17:12:26:752  INFO 26792 --- [main] o.s.cloud.context.scope.GenericScope     : BeanFactory id=c1458138-498d-3131-8f1d-2eb53ae7e16c
17:12:26:798  INFO 26792 --- [main] trationDelegate$BeanPostProcessorChecker : Bean 'org.springframework.cloud.client.loadbalancer.reactive.LoadBalancerBeanPostProcessorAutoConfiguration' of type [org.springframework.cloud.client.loadbalancer.reactive.LoadBalancerBeanPostProcessorAutoConfiguration] is not eligible for getting processed by all BeanPostProcessors (for example: not eligible for auto-proxying)
17:12:26:799  INFO 26792 --- [main] trationDelegate$BeanPostProcessorChecker : Bean 'org.springframework.cloud.client.loadbalancer.reactive.LoadBalancerBeanPostProcessorAutoConfiguration$ReactorDeferringLoadBalancerFilterConfig' of type [org.springframework.cloud.client.loadbalancer.reactive.LoadBalancerBeanPostProcessorAutoConfiguration$ReactorDeferringLoadBalancerFilterConfig] is not eligible for getting processed by all BeanPostProcessors (for example: not eligible for auto-proxying)
17:12:26:800  INFO 26792 --- [main] trationDelegate$BeanPostProcessorChecker : Bean 'reactorDeferringLoadBalancerExchangeFilterFunction' of type [org.springframework.cloud.client.loadbalancer.reactive.DeferringLoadBalancerExchangeFilterFunction] is not eligible for getting processed by all BeanPostProcessors (for example: not eligible for auto-proxying)
17:12:27:323 DEBUG 26792 --- [main] c.h.gateway.routers.DynamicRouteLoader   : 监听到路由配置信息: [
    {
        "id": "item",
        "predicates": [{
            "name": "Path",
            "args": {"_genkey_0":"/items/**"}
        }],
        "filters": [],
        "uri": "lb://item-service"
    },
    {
        "id": "cart",
        "predicates": [{
            "name": "Path",
            "args": {"_genkey_0":"/carts/**"}
        }],
        "filters": [],
        "uri": "lb://cart-service"
    },
    {
        "id": "user",
        "predicates": [{
            "name": "Path",
            "args": {"_genkey_0":"/users/**", "_genkey_1":"/addresses/**"}
        }],
        "filters": [],
        "uri": "lb://user-service"
    },
    {
        "id": "trade",
        "predicates": [{
            "name": "Path",
            "args": {"_genkey_0":"/orders/**"}
        }],
        "filters": [],
        "uri": "lb://trade-service"
    },
    {
        "id": "pay",
        "predicates": [{
            "name": "Path",
            "args": {"_genkey_0":"/pay-orders/**"}
        }],
        "filters": [],
        "uri": "lb://pay-service"
    },
     {
        "id": "search",
        "predicates": [{
            "name": "Path",
            "args": {"_genkey_0":"/search/**"}
        }],
        "filters": [],
        "uri": "lb://search-service"
    }
    
]
17:12:28:684  INFO 26792 --- [main] o.s.c.g.r.RouteDefinitionRouteLocator    : Loaded RoutePredicateFactory [After]
17:12:28:685  INFO 26792 --- [main] o.s.c.g.r.RouteDefinitionRouteLocator    : Loaded RoutePredicateFactory [Before]
17:12:28:685  INFO 26792 --- [main] o.s.c.g.r.RouteDefinitionRouteLocator    : Loaded RoutePredicateFactory [Between]
17:12:28:685  INFO 26792 --- [main] o.s.c.g.r.RouteDefinitionRouteLocator    : Loaded RoutePredicateFactory [Cookie]
17:12:28:685  INFO 26792 --- [main] o.s.c.g.r.RouteDefinitionRouteLocator    : Loaded RoutePredicateFactory [Header]
17:12:28:685  INFO 26792 --- [main] o.s.c.g.r.RouteDefinitionRouteLocator    : Loaded RoutePredicateFactory [Host]
17:12:28:685  INFO 26792 --- [main] o.s.c.g.r.RouteDefinitionRouteLocator    : Loaded RoutePredicateFactory [Method]
17:12:28:685  INFO 26792 --- [main] o.s.c.g.r.RouteDefinitionRouteLocator    : Loaded RoutePredicateFactory [Path]
17:12:28:685  INFO 26792 --- [main] o.s.c.g.r.RouteDefinitionRouteLocator    : Loaded RoutePredicateFactory [Query]
17:12:28:685  INFO 26792 --- [main] o.s.c.g.r.RouteDefinitionRouteLocator    : Loaded RoutePredicateFactory [ReadBody]
17:12:28:685  INFO 26792 --- [main] o.s.c.g.r.RouteDefinitionRouteLocator    : Loaded RoutePredicateFactory [RemoteAddr]
17:12:28:685  INFO 26792 --- [main] o.s.c.g.r.RouteDefinitionRouteLocator    : Loaded RoutePredicateFactory [XForwardedRemoteAddr]
17:12:28:685  INFO 26792 --- [main] o.s.c.g.r.RouteDefinitionRouteLocator    : Loaded RoutePredicateFactory [Weight]
17:12:28:686  INFO 26792 --- [main] o.s.c.g.r.RouteDefinitionRouteLocator    : Loaded RoutePredicateFactory [CloudFoundryRouteService]
17:12:29:681  INFO 26792 --- [main] com.alibaba.nacos.common.remote.client   : [RpcClientFactory] create a new rpc client of 4ee6d657-f9b3-4152-90c4-c0f737af963e
17:12:29:682  INFO 26792 --- [main] com.alibaba.nacos.common.remote.client   : [4ee6d657-f9b3-4152-90c4-c0f737af963e] RpcClient init label, labels = {module=naming, source=sdk}
17:12:29:683  INFO 26792 --- [main] com.alibaba.nacos.common.remote.client   : [4ee6d657-f9b3-4152-90c4-c0f737af963e] RpcClient init, ServerListFactory = com.alibaba.nacos.client.naming.core.ServerListManager
17:12:29:684  INFO 26792 --- [main] com.alibaba.nacos.common.remote.client   : [4ee6d657-f9b3-4152-90c4-c0f737af963e] Registry connection listener to current client:com.alibaba.nacos.client.naming.remote.gprc.redo.NamingGrpcRedoService
17:12:29:684  INFO 26792 --- [main] com.alibaba.nacos.common.remote.client   : [4ee6d657-f9b3-4152-90c4-c0f737af963e] Register server push request handler:com.alibaba.nacos.client.naming.remote.gprc.NamingPushRequestHandler
17:12:29:684  INFO 26792 --- [main] com.alibaba.nacos.common.remote.client   : [4ee6d657-f9b3-4152-90c4-c0f737af963e] Try to connect to server on start up, server: {serverIp = '127.0.0.1', server main port = 8848}
17:12:29:822  INFO 26792 --- [main] com.alibaba.nacos.common.remote.client   : [4ee6d657-f9b3-4152-90c4-c0f737af963e] Success to connect to server [127.0.0.1:8848] on start up, connectionId = 1745313149697_127.0.0.1_52878
17:12:29:822  INFO 26792 --- [main] com.alibaba.nacos.common.remote.client   : [4ee6d657-f9b3-4152-90c4-c0f737af963e] Register server push request handler:com.alibaba.nacos.common.remote.client.RpcClient$ConnectResetRequestHandler
17:12:29:822  INFO 26792 --- [com.alibaba.nacos.client.remote.worker] com.alibaba.nacos.common.remote.client   : [4ee6d657-f9b3-4152-90c4-c0f737af963e] Notify connected event to listeners.
17:12:29:822  INFO 26792 --- [main] com.alibaba.nacos.common.remote.client   : [4ee6d657-f9b3-4152-90c4-c0f737af963e] Register server push request handler:com.alibaba.nacos.common.remote.client.RpcClient$$Lambda$467/0x00000008003f3040
17:12:30:305  INFO 26792 --- [main] o.s.b.web.embedded.netty.NettyWebServer  : Netty started on port 8080
17:12:30:415  INFO 26792 --- [nacos-grpc-client-executor-4] com.alibaba.nacos.common.remote.client   : [4ee6d657-f9b3-4152-90c4-c0f737af963e] Receive server push request, request = NotifySubscriberRequest, requestId = 25
17:12:30:416  INFO 26792 --- [nacos-grpc-client-executor-4] com.alibaba.nacos.common.remote.client   : [4ee6d657-f9b3-4152-90c4-c0f737af963e] Ack server push request, request = NotifySubscriberRequest, requestId = 25
17:12:31:219  INFO 26792 --- [main] c.a.c.n.registry.NacosServiceRegistry    : nacos registry, DEFAULT_GROUP gateway 192.168.249.1:8080 register finished
17:12:31:244  INFO 26792 --- [main] com.hmall.gateway.GatewayApplication     : Started GatewayApplication in 8.236 seconds (JVM running for 9.139)
17:12:31:249  INFO 26792 --- [main] c.a.c.n.refresh.NacosContextRefresher    : [Nacos Config] Listening config: dataId=gateway.yaml, group=DEFAULT_GROUP
17:12:31:250  INFO 26792 --- [main] c.a.c.n.refresh.NacosContextRefresher    : [Nacos Config] Listening config: dataId=gateway-dev.yaml, group=DEFAULT_GROUP
17:12:31:250  INFO 26792 --- [main] c.a.c.n.refresh.NacosContextRefresher    : [Nacos Config] Listening config: dataId=gateway, group=DEFAULT_GROUP
17:12:31:815  INFO 26792 --- [nacos-grpc-client-executor-7] com.alibaba.nacos.common.remote.client   : [4ee6d657-f9b3-4152-90c4-c0f737af963e] Receive server push request, request = NotifySubscriberRequest, requestId = 26
17:12:31:837  INFO 26792 --- [nacos-grpc-client-executor-7] com.alibaba.nacos.common.remote.client   : [4ee6d657-f9b3-4152-90c4-c0f737af963e] Ack server push request, request = NotifySubscriberRequest, requestId = 26
17:46:18:179  INFO 26792 --- [nacos-grpc-client-executor-414] com.alibaba.nacos.common.remote.client   : [4ee6d657-f9b3-4152-90c4-c0f737af963e] Receive server push request, request = NotifySubscriberRequest, requestId = 67
17:46:18:181  INFO 26792 --- [nacos-grpc-client-executor-414] com.alibaba.nacos.common.remote.client   : [4ee6d657-f9b3-4152-90c4-c0f737af963e] Ack server push request, request = NotifySubscriberRequest, requestId = 67
17:46:59:124  INFO 26792 --- [nacos-grpc-client-executor-424] com.alibaba.nacos.common.remote.client   : [4ee6d657-f9b3-4152-90c4-c0f737af963e] Receive server push request, request = NotifySubscriberRequest, requestId = 69
17:46:59:124  INFO 26792 --- [nacos-grpc-client-executor-424] com.alibaba.nacos.common.remote.client   : [4ee6d657-f9b3-4152-90c4-c0f737af963e] Ack server push request, request = NotifySubscriberRequest, requestId = 69
17:47:05:172  INFO 26792 --- [nacos-grpc-client-executor-427] com.alibaba.nacos.common.remote.client   : [4ee6d657-f9b3-4152-90c4-c0f737af963e] Receive server push request, request = NotifySubscriberRequest, requestId = 70
17:47:05:172  INFO 26792 --- [nacos-grpc-client-executor-427] com.alibaba.nacos.common.remote.client   : [4ee6d657-f9b3-4152-90c4-c0f737af963e] Ack server push request, request = NotifySubscriberRequest, requestId = 70
17:49:23:055  INFO 26792 --- [nacos-grpc-client-executor-456] com.alibaba.nacos.common.remote.client   : [4ee6d657-f9b3-4152-90c4-c0f737af963e] Receive server push request, request = NotifySubscriberRequest, requestId = 72
17:49:23:056  INFO 26792 --- [nacos-grpc-client-executor-456] com.alibaba.nacos.common.remote.client   : [4ee6d657-f9b3-4152-90c4-c0f737af963e] Ack server push request, request = NotifySubscriberRequest, requestId = 72
17:54:21:315  WARN 26792 --- [Thread-1] c.a.n.common.http.HttpClientBeanHolder   : [HttpClientBeanHolder] Start destroying common HttpClient
17:54:21:316  WARN 26792 --- [Thread-5] c.a.nacos.common.notify.NotifyCenter     : [NotifyCenter] Start destroying Publisher
17:54:21:317  WARN 26792 --- [Thread-5] c.a.nacos.common.notify.NotifyCenter     : [NotifyCenter] Destruction of the end
17:54:21:318  WARN 26792 --- [Thread-1] c.a.n.common.http.HttpClientBeanHolder   : [HttpClientBeanHolder] Destruction of the end
17:54:21:359  INFO 26792 --- [SpringApplicationShutdownHook] c.a.c.n.registry.NacosServiceRegistry    : De-registering from Nacos Server now...
17:54:21:365  INFO 26792 --- [SpringApplicationShutdownHook] c.a.c.n.registry.NacosServiceRegistry    : De-registration finished.
17:54:21:702  INFO 26792 --- [SpringApplicationShutdownHook] com.alibaba.nacos.common.remote.client   : Shutdown rpc client, set status to shutdown
17:54:21:702  INFO 26792 --- [SpringApplicationShutdownHook] com.alibaba.nacos.common.remote.client   : Shutdown client event executor java.util.concurrent.ScheduledThreadPoolExecutor@4c8cd1a7[Running, pool size = 2, active threads = 2, queued tasks = 0, completed tasks = 0]
17:54:21:702  INFO 26792 --- [SpringApplicationShutdownHook] com.alibaba.nacos.common.remote.client   : Close current connection 1745313149697_127.0.0.1_52878
17:54:21:707  INFO 26792 --- [nacos-grpc-client-executor-520] c.a.n.c.remote.client.grpc.GrpcClient    : [1745313149697_127.0.0.1_52878]Ignore complete event,isRunning:false,isAbandon=false
17:54:21:717  INFO 26792 --- [SpringApplicationShutdownHook] c.a.n.c.remote.client.grpc.GrpcClient    : Shutdown grpc executor java.util.concurrent.ThreadPoolExecutor@57196c2e[Running, pool size = 5, active threads = 0, queued tasks = 0, completed tasks = 521]
17:54:46:427  INFO 6092 --- [main] com.hmall.gateway.GatewayApplication     : The following 1 profile is active: "dev"
17:54:47:273  INFO 6092 --- [main] o.s.cloud.context.scope.GenericScope     : BeanFactory id=c1458138-498d-3131-8f1d-2eb53ae7e16c
17:54:47:332  INFO 6092 --- [main] trationDelegate$BeanPostProcessorChecker : Bean 'org.springframework.cloud.client.loadbalancer.reactive.LoadBalancerBeanPostProcessorAutoConfiguration' of type [org.springframework.cloud.client.loadbalancer.reactive.LoadBalancerBeanPostProcessorAutoConfiguration] is not eligible for getting processed by all BeanPostProcessors (for example: not eligible for auto-proxying)
17:54:47:334  INFO 6092 --- [main] trationDelegate$BeanPostProcessorChecker : Bean 'org.springframework.cloud.client.loadbalancer.reactive.LoadBalancerBeanPostProcessorAutoConfiguration$ReactorDeferringLoadBalancerFilterConfig' of type [org.springframework.cloud.client.loadbalancer.reactive.LoadBalancerBeanPostProcessorAutoConfiguration$ReactorDeferringLoadBalancerFilterConfig] is not eligible for getting processed by all BeanPostProcessors (for example: not eligible for auto-proxying)
17:54:47:335  INFO 6092 --- [main] trationDelegate$BeanPostProcessorChecker : Bean 'reactorDeferringLoadBalancerExchangeFilterFunction' of type [org.springframework.cloud.client.loadbalancer.reactive.DeferringLoadBalancerExchangeFilterFunction] is not eligible for getting processed by all BeanPostProcessors (for example: not eligible for auto-proxying)
17:54:47:971 DEBUG 6092 --- [main] c.h.gateway.routers.DynamicRouteLoader   : 监听到路由配置信息: [
    {
        "id": "item",
        "predicates": [{
            "name": "Path",
            "args": {"_genkey_0":"/items/**"}
        }],
        "filters": [],
        "uri": "lb://item-service"
    },
    {
        "id": "cart",
        "predicates": [{
            "name": "Path",
            "args": {"_genkey_0":"/carts/**"}
        }],
        "filters": [],
        "uri": "lb://cart-service"
    },
    {
        "id": "user",
        "predicates": [{
            "name": "Path",
            "args": {"_genkey_0":"/users/**", "_genkey_1":"/addresses/**"}
        }],
        "filters": [],
        "uri": "lb://user-service"
    },
    {
        "id": "trade",
        "predicates": [{
            "name": "Path",
            "args": {"_genkey_0":"/orders/**"}
        }],
        "filters": [],
        "uri": "lb://trade-service"
    },
    {
        "id": "pay",
        "predicates": [{
            "name": "Path",
            "args": {"_genkey_0":"/pay-orders/**"}
        }],
        "filters": [],
        "uri": "lb://pay-service"
    },
     {
        "id": "search",
        "predicates": [{
            "name": "Path",
            "args": {"_genkey_0":"/search/**"}
        }],
        "filters": [],
        "uri": "lb://search-service"
    }
    
]
17:54:50:005  INFO 6092 --- [main] o.s.c.g.r.RouteDefinitionRouteLocator    : Loaded RoutePredicateFactory [After]
17:54:50:005  INFO 6092 --- [main] o.s.c.g.r.RouteDefinitionRouteLocator    : Loaded RoutePredicateFactory [Before]
17:54:50:005  INFO 6092 --- [main] o.s.c.g.r.RouteDefinitionRouteLocator    : Loaded RoutePredicateFactory [Between]
17:54:50:005  INFO 6092 --- [main] o.s.c.g.r.RouteDefinitionRouteLocator    : Loaded RoutePredicateFactory [Cookie]
17:54:50:005  INFO 6092 --- [main] o.s.c.g.r.RouteDefinitionRouteLocator    : Loaded RoutePredicateFactory [Header]
17:54:50:005  INFO 6092 --- [main] o.s.c.g.r.RouteDefinitionRouteLocator    : Loaded RoutePredicateFactory [Host]
17:54:50:005  INFO 6092 --- [main] o.s.c.g.r.RouteDefinitionRouteLocator    : Loaded RoutePredicateFactory [Method]
17:54:50:005  INFO 6092 --- [main] o.s.c.g.r.RouteDefinitionRouteLocator    : Loaded RoutePredicateFactory [Path]
17:54:50:005  INFO 6092 --- [main] o.s.c.g.r.RouteDefinitionRouteLocator    : Loaded RoutePredicateFactory [Query]
17:54:50:006  INFO 6092 --- [main] o.s.c.g.r.RouteDefinitionRouteLocator    : Loaded RoutePredicateFactory [ReadBody]
17:54:50:006  INFO 6092 --- [main] o.s.c.g.r.RouteDefinitionRouteLocator    : Loaded RoutePredicateFactory [RemoteAddr]
17:54:50:006  INFO 6092 --- [main] o.s.c.g.r.RouteDefinitionRouteLocator    : Loaded RoutePredicateFactory [XForwardedRemoteAddr]
17:54:50:006  INFO 6092 --- [main] o.s.c.g.r.RouteDefinitionRouteLocator    : Loaded RoutePredicateFactory [Weight]
17:54:50:006  INFO 6092 --- [main] o.s.c.g.r.RouteDefinitionRouteLocator    : Loaded RoutePredicateFactory [CloudFoundryRouteService]
17:54:51:026  INFO 6092 --- [main] com.alibaba.nacos.common.remote.client   : [RpcClientFactory] create a new rpc client of f3371587-6462-4aa1-8761-3d61275a4e93
17:54:51:027  INFO 6092 --- [main] com.alibaba.nacos.common.remote.client   : [f3371587-6462-4aa1-8761-3d61275a4e93] RpcClient init label, labels = {module=naming, source=sdk}
17:54:51:028  INFO 6092 --- [main] com.alibaba.nacos.common.remote.client   : [f3371587-6462-4aa1-8761-3d61275a4e93] RpcClient init, ServerListFactory = com.alibaba.nacos.client.naming.core.ServerListManager
17:54:51:028  INFO 6092 --- [main] com.alibaba.nacos.common.remote.client   : [f3371587-6462-4aa1-8761-3d61275a4e93] Registry connection listener to current client:com.alibaba.nacos.client.naming.remote.gprc.redo.NamingGrpcRedoService
17:54:51:030  INFO 6092 --- [main] com.alibaba.nacos.common.remote.client   : [f3371587-6462-4aa1-8761-3d61275a4e93] Register server push request handler:com.alibaba.nacos.client.naming.remote.gprc.NamingPushRequestHandler
17:54:51:030  INFO 6092 --- [main] com.alibaba.nacos.common.remote.client   : [f3371587-6462-4aa1-8761-3d61275a4e93] Try to connect to server on start up, server: {serverIp = '127.0.0.1', server main port = 8848}
17:54:51:147  INFO 6092 --- [main] com.alibaba.nacos.common.remote.client   : [f3371587-6462-4aa1-8761-3d61275a4e93] Success to connect to server [127.0.0.1:8848] on start up, connectionId = 1745315691037_127.0.0.1_61913
17:54:51:147  INFO 6092 --- [main] com.alibaba.nacos.common.remote.client   : [f3371587-6462-4aa1-8761-3d61275a4e93] Register server push request handler:com.alibaba.nacos.common.remote.client.RpcClient$ConnectResetRequestHandler
17:54:51:147  INFO 6092 --- [main] com.alibaba.nacos.common.remote.client   : [f3371587-6462-4aa1-8761-3d61275a4e93] Register server push request handler:com.alibaba.nacos.common.remote.client.RpcClient$$Lambda$467/0x00000008003f3040
17:54:51:147  INFO 6092 --- [com.alibaba.nacos.client.remote.worker] com.alibaba.nacos.common.remote.client   : [f3371587-6462-4aa1-8761-3d61275a4e93] Notify connected event to listeners.
17:54:51:632  INFO 6092 --- [main] o.s.b.web.embedded.netty.NettyWebServer  : Netty started on port 8080
17:54:51:705  INFO 6092 --- [nacos-grpc-client-executor-4] com.alibaba.nacos.common.remote.client   : [f3371587-6462-4aa1-8761-3d61275a4e93] Receive server push request, request = NotifySubscriberRequest, requestId = 80
17:54:51:706  INFO 6092 --- [nacos-grpc-client-executor-4] com.alibaba.nacos.common.remote.client   : [f3371587-6462-4aa1-8761-3d61275a4e93] Ack server push request, request = NotifySubscriberRequest, requestId = 80
17:54:52:843  INFO 6092 --- [main] c.a.c.n.registry.NacosServiceRegistry    : nacos registry, DEFAULT_GROUP gateway 192.168.249.1:8080 register finished
17:54:52:866  INFO 6092 --- [main] com.hmall.gateway.GatewayApplication     : Started GatewayApplication in 10.078 seconds (JVM running for 11.038)
17:54:52:869  INFO 6092 --- [main] c.a.c.n.refresh.NacosContextRefresher    : [Nacos Config] Listening config: dataId=gateway.yaml, group=DEFAULT_GROUP
17:54:52:870  INFO 6092 --- [main] c.a.c.n.refresh.NacosContextRefresher    : [Nacos Config] Listening config: dataId=gateway-dev.yaml, group=DEFAULT_GROUP
17:54:52:872  INFO 6092 --- [main] c.a.c.n.refresh.NacosContextRefresher    : [Nacos Config] Listening config: dataId=gateway, group=DEFAULT_GROUP
17:54:53:420  INFO 6092 --- [nacos-grpc-client-executor-7] com.alibaba.nacos.common.remote.client   : [f3371587-6462-4aa1-8761-3d61275a4e93] Receive server push request, request = NotifySubscriberRequest, requestId = 82
17:54:53:435  INFO 6092 --- [nacos-grpc-client-executor-7] com.alibaba.nacos.common.remote.client   : [f3371587-6462-4aa1-8761-3d61275a4e93] Ack server push request, request = NotifySubscriberRequest, requestId = 82
17:55:22:762  INFO 6092 --- [nacos-grpc-client-executor-14] com.alibaba.nacos.common.remote.client   : [f3371587-6462-4aa1-8761-3d61275a4e93] Receive server push request, request = NotifySubscriberRequest, requestId = 89
17:55:22:762  INFO 6092 --- [nacos-grpc-client-executor-14] com.alibaba.nacos.common.remote.client   : [f3371587-6462-4aa1-8761-3d61275a4e93] Ack server push request, request = NotifySubscriberRequest, requestId = 89
17:55:24:273  INFO 6092 --- [nacos-grpc-client-executor-17] com.alibaba.nacos.common.remote.client   : [f3371587-6462-4aa1-8761-3d61275a4e93] Receive server push request, request = NotifySubscriberRequest, requestId = 90
17:55:24:274  INFO 6092 --- [nacos-grpc-client-executor-17] com.alibaba.nacos.common.remote.client   : [f3371587-6462-4aa1-8761-3d61275a4e93] Ack server push request, request = NotifySubscriberRequest, requestId = 90
17:55:27:524  INFO 6092 --- [nacos-grpc-client-executor-20] com.alibaba.nacos.common.remote.client   : [f3371587-6462-4aa1-8761-3d61275a4e93] Receive server push request, request = NotifySubscriberRequest, requestId = 92
17:55:27:524  INFO 6092 --- [nacos-grpc-client-executor-20] com.alibaba.nacos.common.remote.client   : [f3371587-6462-4aa1-8761-3d61275a4e93] Ack server push request, request = NotifySubscriberRequest, requestId = 92
17:55:31:422  INFO 6092 --- [nacos-grpc-client-executor-23] com.alibaba.nacos.common.remote.client   : [f3371587-6462-4aa1-8761-3d61275a4e93] Receive server push request, request = NotifySubscriberRequest, requestId = 93
17:55:31:423  INFO 6092 --- [nacos-grpc-client-executor-23] com.alibaba.nacos.common.remote.client   : [f3371587-6462-4aa1-8761-3d61275a4e93] Ack server push request, request = NotifySubscriberRequest, requestId = 93
17:56:48:753  INFO 6092 --- [nacos-grpc-client-executor-40] com.alibaba.nacos.common.remote.client   : [f3371587-6462-4aa1-8761-3d61275a4e93] Receive server push request, request = NotifySubscriberRequest, requestId = 96
17:56:48:772  INFO 6092 --- [nacos-grpc-client-executor-40] com.alibaba.nacos.common.remote.client   : [f3371587-6462-4aa1-8761-3d61275a4e93] Ack server push request, request = NotifySubscriberRequest, requestId = 96
17:56:48:862  INFO 6092 --- [nacos-grpc-client-executor-41] com.alibaba.nacos.common.remote.client   : [f3371587-6462-4aa1-8761-3d61275a4e93] Receive server push request, request = NotifySubscriberRequest, requestId = 97
17:56:48:881  INFO 6092 --- [nacos-grpc-client-executor-41] com.alibaba.nacos.common.remote.client   : [f3371587-6462-4aa1-8761-3d61275a4e93] Ack server push request, request = NotifySubscriberRequest, requestId = 97
17:57:12:201  INFO 6092 --- [nacos-grpc-client-executor-46] com.alibaba.nacos.common.remote.client   : [f3371587-6462-4aa1-8761-3d61275a4e93] Receive server push request, request = NotifySubscriberRequest, requestId = 103
17:57:12:220  INFO 6092 --- [nacos-grpc-client-executor-46] com.alibaba.nacos.common.remote.client   : [f3371587-6462-4aa1-8761-3d61275a4e93] Ack server push request, request = NotifySubscriberRequest, requestId = 103
17:57:16:292  INFO 6092 --- [nacos-grpc-client-executor-47] com.alibaba.nacos.common.remote.client   : [f3371587-6462-4aa1-8761-3d61275a4e93] Receive server push request, request = NotifySubscriberRequest, requestId = 105
17:57:16:307  INFO 6092 --- [nacos-grpc-client-executor-47] com.alibaba.nacos.common.remote.client   : [f3371587-6462-4aa1-8761-3d61275a4e93] Ack server push request, request = NotifySubscriberRequest, requestId = 105
17:57:27:304  INFO 6092 --- [nacos-grpc-client-executor-51] com.alibaba.nacos.common.remote.client   : [f3371587-6462-4aa1-8761-3d61275a4e93] Receive server push request, request = NotifySubscriberRequest, requestId = 109
17:57:27:305  INFO 6092 --- [nacos-grpc-client-executor-51] com.alibaba.nacos.common.remote.client   : [f3371587-6462-4aa1-8761-3d61275a4e93] Ack server push request, request = NotifySubscriberRequest, requestId = 109
17:57:45:367  INFO 6092 --- [nacos-grpc-client-executor-56] com.alibaba.nacos.common.remote.client   : [f3371587-6462-4aa1-8761-3d61275a4e93] Receive server push request, request = NotifySubscriberRequest, requestId = 110
17:57:45:386  INFO 6092 --- [nacos-grpc-client-executor-56] com.alibaba.nacos.common.remote.client   : [f3371587-6462-4aa1-8761-3d61275a4e93] Ack server push request, request = NotifySubscriberRequest, requestId = 110
17:57:59:020  INFO 6092 --- [nacos-grpc-client-executor-59] com.alibaba.nacos.common.remote.client   : [f3371587-6462-4aa1-8761-3d61275a4e93] Receive server push request, request = NotifySubscriberRequest, requestId = 112
17:57:59:036  INFO 6092 --- [nacos-grpc-client-executor-59] com.alibaba.nacos.common.remote.client   : [f3371587-6462-4aa1-8761-3d61275a4e93] Ack server push request, request = NotifySubscriberRequest, requestId = 112
17:59:11:208  INFO 6092 --- [nacos-grpc-client-executor-74] com.alibaba.nacos.common.remote.client   : [f3371587-6462-4aa1-8761-3d61275a4e93] Receive server push request, request = NotifySubscriberRequest, requestId = 116
17:59:11:224  INFO 6092 --- [nacos-grpc-client-executor-74] com.alibaba.nacos.common.remote.client   : [f3371587-6462-4aa1-8761-3d61275a4e93] Ack server push request, request = NotifySubscriberRequest, requestId = 116
17:59:11:641  INFO 6092 --- [nacos-grpc-client-executor-75] com.alibaba.nacos.common.remote.client   : [f3371587-6462-4aa1-8761-3d61275a4e93] Receive server push request, request = NotifySubscriberRequest, requestId = 117
17:59:11:661  INFO 6092 --- [nacos-grpc-client-executor-75] com.alibaba.nacos.common.remote.client   : [f3371587-6462-4aa1-8761-3d61275a4e93] Ack server push request, request = NotifySubscriberRequest, requestId = 117
17:59:28:765  INFO 6092 --- [nacos-grpc-client-executor-81] com.alibaba.nacos.common.remote.client   : [f3371587-6462-4aa1-8761-3d61275a4e93] Receive server push request, request = NotifySubscriberRequest, requestId = 120
17:59:28:770  INFO 6092 --- [nacos-grpc-client-executor-81] com.alibaba.nacos.common.remote.client   : [f3371587-6462-4aa1-8761-3d61275a4e93] Ack server push request, request = NotifySubscriberRequest, requestId = 120
17:59:40:332  INFO 6092 --- [nacos-grpc-client-executor-84] com.alibaba.nacos.common.remote.client   : [f3371587-6462-4aa1-8761-3d61275a4e93] Receive server push request, request = NotifySubscriberRequest, requestId = 125
17:59:40:352  INFO 6092 --- [nacos-grpc-client-executor-84] com.alibaba.nacos.common.remote.client   : [f3371587-6462-4aa1-8761-3d61275a4e93] Ack server push request, request = NotifySubscriberRequest, requestId = 125
18:01:00:646  INFO 6092 --- [nacos-grpc-client-executor-102] com.alibaba.nacos.common.remote.client   : [f3371587-6462-4aa1-8761-3d61275a4e93] Receive server push request, request = NotifySubscriberRequest, requestId = 130
18:01:00:662  INFO 6092 --- [nacos-grpc-client-executor-102] com.alibaba.nacos.common.remote.client   : [f3371587-6462-4aa1-8761-3d61275a4e93] Ack server push request, request = NotifySubscriberRequest, requestId = 130
18:01:01:507  INFO 6092 --- [nacos-grpc-client-executor-103] com.alibaba.nacos.common.remote.client   : [f3371587-6462-4aa1-8761-3d61275a4e93] Receive server push request, request = NotifySubscriberRequest, requestId = 132
18:01:01:525  INFO 6092 --- [nacos-grpc-client-executor-103] com.alibaba.nacos.common.remote.client   : [f3371587-6462-4aa1-8761-3d61275a4e93] Ack server push request, request = NotifySubscriberRequest, requestId = 132
18:01:19:640  INFO 6092 --- [nacos-grpc-client-executor-107] com.alibaba.nacos.common.remote.client   : [f3371587-6462-4aa1-8761-3d61275a4e93] Receive server push request, request = NotifySubscriberRequest, requestId = 136
18:01:19:656  INFO 6092 --- [nacos-grpc-client-executor-107] com.alibaba.nacos.common.remote.client   : [f3371587-6462-4aa1-8761-3d61275a4e93] Ack server push request, request = NotifySubscriberRequest, requestId = 136
18:01:30:580  INFO 6092 --- [nacos-grpc-client-executor-111] com.alibaba.nacos.common.remote.client   : [f3371587-6462-4aa1-8761-3d61275a4e93] Receive server push request, request = NotifySubscriberRequest, requestId = 140
18:01:30:599  INFO 6092 --- [nacos-grpc-client-executor-111] com.alibaba.nacos.common.remote.client   : [f3371587-6462-4aa1-8761-3d61275a4e93] Ack server push request, request = NotifySubscriberRequest, requestId = 140
18:02:16:104  INFO 6092 --- [nacos-grpc-client-executor-120] com.alibaba.nacos.common.remote.client   : [f3371587-6462-4aa1-8761-3d61275a4e93] Receive server push request, request = NotifySubscriberRequest, requestId = 141
18:02:16:123  INFO 6092 --- [nacos-grpc-client-executor-120] com.alibaba.nacos.common.remote.client   : [f3371587-6462-4aa1-8761-3d61275a4e93] Ack server push request, request = NotifySubscriberRequest, requestId = 141
18:02:16:428  INFO 6092 --- [nacos-grpc-client-executor-121] com.alibaba.nacos.common.remote.client   : [f3371587-6462-4aa1-8761-3d61275a4e93] Receive server push request, request = NotifySubscriberRequest, requestId = 142
18:02:16:443  INFO 6092 --- [nacos-grpc-client-executor-121] com.alibaba.nacos.common.remote.client   : [f3371587-6462-4aa1-8761-3d61275a4e93] Ack server push request, request = NotifySubscriberRequest, requestId = 142
18:02:33:618  INFO 6092 --- [nacos-grpc-client-executor-127] com.alibaba.nacos.common.remote.client   : [f3371587-6462-4aa1-8761-3d61275a4e93] Receive server push request, request = NotifySubscriberRequest, requestId = 147
18:02:33:634  INFO 6092 --- [nacos-grpc-client-executor-127] com.alibaba.nacos.common.remote.client   : [f3371587-6462-4aa1-8761-3d61275a4e93] Ack server push request, request = NotifySubscriberRequest, requestId = 147
18:02:35:561  INFO 6092 --- [nacos-grpc-client-executor-128] com.alibaba.nacos.common.remote.client   : [f3371587-6462-4aa1-8761-3d61275a4e93] Receive server push request, request = NotifySubscriberRequest, requestId = 148
18:02:35:579  INFO 6092 --- [nacos-grpc-client-executor-128] com.alibaba.nacos.common.remote.client   : [f3371587-6462-4aa1-8761-3d61275a4e93] Ack server push request, request = NotifySubscriberRequest, requestId = 148
18:05:51:267  INFO 6092 --- [nacos-grpc-client-executor-171] com.alibaba.nacos.common.remote.client   : [f3371587-6462-4aa1-8761-3d61275a4e93] Receive server push request, request = NotifySubscriberRequest, requestId = 152
18:05:51:278  INFO 6092 --- [nacos-grpc-client-executor-171] com.alibaba.nacos.common.remote.client   : [f3371587-6462-4aa1-8761-3d61275a4e93] Ack server push request, request = NotifySubscriberRequest, requestId = 152
18:05:51:798  INFO 6092 --- [nacos-grpc-client-executor-172] com.alibaba.nacos.common.remote.client   : [f3371587-6462-4aa1-8761-3d61275a4e93] Receive server push request, request = NotifySubscriberRequest, requestId = 153
18:05:51:809  INFO 6092 --- [nacos-grpc-client-executor-172] com.alibaba.nacos.common.remote.client   : [f3371587-6462-4aa1-8761-3d61275a4e93] Ack server push request, request = NotifySubscriberRequest, requestId = 153
18:06:11:051  INFO 6092 --- [nacos-grpc-client-executor-176] com.alibaba.nacos.common.remote.client   : [f3371587-6462-4aa1-8761-3d61275a4e93] Receive server push request, request = NotifySubscriberRequest, requestId = 157
18:06:11:067  INFO 6092 --- [nacos-grpc-client-executor-176] com.alibaba.nacos.common.remote.client   : [f3371587-6462-4aa1-8761-3d61275a4e93] Ack server push request, request = NotifySubscriberRequest, requestId = 157
18:06:20:782  INFO 6092 --- [nacos-grpc-client-executor-178] com.alibaba.nacos.common.remote.client   : [f3371587-6462-4aa1-8761-3d61275a4e93] Receive server push request, request = NotifySubscriberRequest, requestId = 161
18:06:20:800  INFO 6092 --- [nacos-grpc-client-executor-178] com.alibaba.nacos.common.remote.client   : [f3371587-6462-4aa1-8761-3d61275a4e93] Ack server push request, request = NotifySubscriberRequest, requestId = 161
18:07:18:942  INFO 6092 --- [nacos-grpc-client-executor-191] com.alibaba.nacos.common.remote.client   : [f3371587-6462-4aa1-8761-3d61275a4e93] Receive server push request, request = NotifySubscriberRequest, requestId = 166
18:07:18:961  INFO 6092 --- [nacos-grpc-client-executor-191] com.alibaba.nacos.common.remote.client   : [f3371587-6462-4aa1-8761-3d61275a4e93] Ack server push request, request = NotifySubscriberRequest, requestId = 166
18:07:19:161  INFO 6092 --- [nacos-grpc-client-executor-192] com.alibaba.nacos.common.remote.client   : [f3371587-6462-4aa1-8761-3d61275a4e93] Receive server push request, request = NotifySubscriberRequest, requestId = 167
18:07:19:176  INFO 6092 --- [nacos-grpc-client-executor-192] com.alibaba.nacos.common.remote.client   : [f3371587-6462-4aa1-8761-3d61275a4e93] Ack server push request, request = NotifySubscriberRequest, requestId = 167
18:07:37:257  INFO 6092 --- [nacos-grpc-client-executor-196] com.alibaba.nacos.common.remote.client   : [f3371587-6462-4aa1-8761-3d61275a4e93] Receive server push request, request = NotifySubscriberRequest, requestId = 170
18:07:37:273  INFO 6092 --- [nacos-grpc-client-executor-196] com.alibaba.nacos.common.remote.client   : [f3371587-6462-4aa1-8761-3d61275a4e93] Ack server push request, request = NotifySubscriberRequest, requestId = 170
18:07:48:065  INFO 6092 --- [nacos-grpc-client-executor-200] com.alibaba.nacos.common.remote.client   : [f3371587-6462-4aa1-8761-3d61275a4e93] Receive server push request, request = NotifySubscriberRequest, requestId = 175
18:07:48:080  INFO 6092 --- [nacos-grpc-client-executor-200] com.alibaba.nacos.common.remote.client   : [f3371587-6462-4aa1-8761-3d61275a4e93] Ack server push request, request = NotifySubscriberRequest, requestId = 175
18:11:44:411  INFO 6092 --- [nacos-grpc-client-executor-251] com.alibaba.nacos.common.remote.client   : [f3371587-6462-4aa1-8761-3d61275a4e93] Receive server push request, request = NotifySubscriberRequest, requestId = 181
18:11:44:426  INFO 6092 --- [nacos-grpc-client-executor-251] com.alibaba.nacos.common.remote.client   : [f3371587-6462-4aa1-8761-3d61275a4e93] Ack server push request, request = NotifySubscriberRequest, requestId = 181
18:11:45:166  INFO 6092 --- [nacos-grpc-client-executor-252] com.alibaba.nacos.common.remote.client   : [f3371587-6462-4aa1-8761-3d61275a4e93] Receive server push request, request = NotifySubscriberRequest, requestId = 182
18:11:45:177  INFO 6092 --- [nacos-grpc-client-executor-252] com.alibaba.nacos.common.remote.client   : [f3371587-6462-4aa1-8761-3d61275a4e93] Ack server push request, request = NotifySubscriberRequest, requestId = 182
18:12:02:472  INFO 6092 --- [nacos-grpc-client-executor-257] com.alibaba.nacos.common.remote.client   : [f3371587-6462-4aa1-8761-3d61275a4e93] Receive server push request, request = NotifySubscriberRequest, requestId = 187
18:12:02:487  INFO 6092 --- [nacos-grpc-client-executor-257] com.alibaba.nacos.common.remote.client   : [f3371587-6462-4aa1-8761-3d61275a4e93] Ack server push request, request = NotifySubscriberRequest, requestId = 187
18:12:05:712  INFO 6092 --- [nacos-grpc-client-executor-258] com.alibaba.nacos.common.remote.client   : [f3371587-6462-4aa1-8761-3d61275a4e93] Receive server push request, request = NotifySubscriberRequest, requestId = 190
18:12:05:729  INFO 6092 --- [nacos-grpc-client-executor-258] com.alibaba.nacos.common.remote.client   : [f3371587-6462-4aa1-8761-3d61275a4e93] Ack server push request, request = NotifySubscriberRequest, requestId = 190
18:13:24:648  INFO 6092 --- [nacos-grpc-client-executor-275] com.alibaba.nacos.common.remote.client   : [f3371587-6462-4aa1-8761-3d61275a4e93] Receive server push request, request = NotifySubscriberRequest, requestId = 196
18:13:24:668  INFO 6092 --- [nacos-grpc-client-executor-275] com.alibaba.nacos.common.remote.client   : [f3371587-6462-4aa1-8761-3d61275a4e93] Ack server push request, request = NotifySubscriberRequest, requestId = 196
18:13:25:405  INFO 6092 --- [nacos-grpc-client-executor-277] com.alibaba.nacos.common.remote.client   : [f3371587-6462-4aa1-8761-3d61275a4e93] Receive server push request, request = NotifySubscriberRequest, requestId = 198
18:13:25:427  INFO 6092 --- [nacos-grpc-client-executor-277] com.alibaba.nacos.common.remote.client   : [f3371587-6462-4aa1-8761-3d61275a4e93] Ack server push request, request = NotifySubscriberRequest, requestId = 198
18:14:24:292  INFO 6092 --- [nacos-grpc-client-executor-291] com.alibaba.nacos.common.remote.client   : [f3371587-6462-4aa1-8761-3d61275a4e93] Receive server push request, request = NotifySubscriberRequest, requestId = 201
18:14:24:310  INFO 6092 --- [nacos-grpc-client-executor-291] com.alibaba.nacos.common.remote.client   : [f3371587-6462-4aa1-8761-3d61275a4e93] Ack server push request, request = NotifySubscriberRequest, requestId = 201
18:14:29:911  INFO 6092 --- [nacos-grpc-client-executor-295] com.alibaba.nacos.common.remote.client   : [f3371587-6462-4aa1-8761-3d61275a4e93] Receive server push request, request = NotifySubscriberRequest, requestId = 204
18:14:29:930  INFO 6092 --- [nacos-grpc-client-executor-295] com.alibaba.nacos.common.remote.client   : [f3371587-6462-4aa1-8761-3d61275a4e93] Ack server push request, request = NotifySubscriberRequest, requestId = 204
18:15:30:963  INFO 6092 --- [nacos-grpc-client-executor-309] com.alibaba.nacos.common.remote.client   : [f3371587-6462-4aa1-8761-3d61275a4e93] Receive server push request, request = NotifySubscriberRequest, requestId = 212
18:15:30:984  INFO 6092 --- [nacos-grpc-client-executor-309] com.alibaba.nacos.common.remote.client   : [f3371587-6462-4aa1-8761-3d61275a4e93] Ack server push request, request = NotifySubscriberRequest, requestId = 212
18:15:51:958  INFO 6092 --- [nacos-grpc-client-executor-313] com.alibaba.nacos.common.remote.client   : [f3371587-6462-4aa1-8761-3d61275a4e93] Receive server push request, request = NotifySubscriberRequest, requestId = 217
18:15:51:976  INFO 6092 --- [nacos-grpc-client-executor-313] com.alibaba.nacos.common.remote.client   : [f3371587-6462-4aa1-8761-3d61275a4e93] Ack server push request, request = NotifySubscriberRequest, requestId = 217
18:16:20:114  INFO 6092 --- [nacos-grpc-client-executor-319] com.alibaba.nacos.common.remote.client   : [f3371587-6462-4aa1-8761-3d61275a4e93] Receive server push request, request = NotifySubscriberRequest, requestId = 221
18:16:20:132  INFO 6092 --- [nacos-grpc-client-executor-319] com.alibaba.nacos.common.remote.client   : [f3371587-6462-4aa1-8761-3d61275a4e93] Ack server push request, request = NotifySubscriberRequest, requestId = 221
18:16:36:061  INFO 6092 --- [nacos-grpc-client-executor-324] com.alibaba.nacos.common.remote.client   : [f3371587-6462-4aa1-8761-3d61275a4e93] Receive server push request, request = NotifySubscriberRequest, requestId = 223
18:16:36:079  INFO 6092 --- [nacos-grpc-client-executor-324] com.alibaba.nacos.common.remote.client   : [f3371587-6462-4aa1-8761-3d61275a4e93] Ack server push request, request = NotifySubscriberRequest, requestId = 223
18:31:25:064  WARN 6092 --- [Thread-5] c.a.nacos.common.notify.NotifyCenter     : [NotifyCenter] Start destroying Publisher
18:31:25:064  WARN 6092 --- [Thread-1] c.a.n.common.http.HttpClientBeanHolder   : [HttpClientBeanHolder] Start destroying common HttpClient
18:31:25:092  WARN 6092 --- [Thread-5] c.a.nacos.common.notify.NotifyCenter     : [NotifyCenter] Destruction of the end
18:31:25:096  WARN 6092 --- [Thread-1] c.a.n.common.http.HttpClientBeanHolder   : [HttpClientBeanHolder] Destruction of the end
18:31:25:227  INFO 6092 --- [SpringApplicationShutdownHook] c.a.c.n.registry.NacosServiceRegistry    : De-registering from Nacos Server now...
18:31:25:243  INFO 6092 --- [SpringApplicationShutdownHook] c.a.c.n.registry.NacosServiceRegistry    : De-registration finished.
18:31:25:578  INFO 6092 --- [SpringApplicationShutdownHook] com.alibaba.nacos.common.remote.client   : Shutdown rpc client, set status to shutdown
18:31:25:581  INFO 6092 --- [SpringApplicationShutdownHook] com.alibaba.nacos.common.remote.client   : Shutdown client event executor java.util.concurrent.ScheduledThreadPoolExecutor@36d2e963[Running, pool size = 2, active threads = 2, queued tasks = 0, completed tasks = 0]
18:31:25:581  INFO 6092 --- [SpringApplicationShutdownHook] com.alibaba.nacos.common.remote.client   : Close current connection 1745315691037_127.0.0.1_61913
18:31:25:588  INFO 6092 --- [nacos-grpc-client-executor-538] c.a.n.c.remote.client.grpc.GrpcClient    : [1745315691037_127.0.0.1_61913]Ignore complete event,isRunning:false,isAbandon=false
18:31:25:592  INFO 6092 --- [SpringApplicationShutdownHook] c.a.n.c.remote.client.grpc.GrpcClient    : Shutdown grpc executor java.util.concurrent.ThreadPoolExecutor@3306a9d5[Running, pool size = 5, active threads = 0, queued tasks = 0, completed tasks = 539]
18:31:54:423  INFO 12024 --- [main] com.hmall.gateway.GatewayApplication     : The following 1 profile is active: "dev"
18:31:55:173  INFO 12024 --- [main] o.s.cloud.context.scope.GenericScope     : BeanFactory id=c1458138-498d-3131-8f1d-2eb53ae7e16c
18:31:55:235  INFO 12024 --- [main] trationDelegate$BeanPostProcessorChecker : Bean 'org.springframework.cloud.client.loadbalancer.reactive.LoadBalancerBeanPostProcessorAutoConfiguration' of type [org.springframework.cloud.client.loadbalancer.reactive.LoadBalancerBeanPostProcessorAutoConfiguration] is not eligible for getting processed by all BeanPostProcessors (for example: not eligible for auto-proxying)
18:31:55:236  INFO 12024 --- [main] trationDelegate$BeanPostProcessorChecker : Bean 'org.springframework.cloud.client.loadbalancer.reactive.LoadBalancerBeanPostProcessorAutoConfiguration$ReactorDeferringLoadBalancerFilterConfig' of type [org.springframework.cloud.client.loadbalancer.reactive.LoadBalancerBeanPostProcessorAutoConfiguration$ReactorDeferringLoadBalancerFilterConfig] is not eligible for getting processed by all BeanPostProcessors (for example: not eligible for auto-proxying)
18:31:55:236  INFO 12024 --- [main] trationDelegate$BeanPostProcessorChecker : Bean 'reactorDeferringLoadBalancerExchangeFilterFunction' of type [org.springframework.cloud.client.loadbalancer.reactive.DeferringLoadBalancerExchangeFilterFunction] is not eligible for getting processed by all BeanPostProcessors (for example: not eligible for auto-proxying)
18:31:55:889 DEBUG 12024 --- [main] c.h.gateway.routers.DynamicRouteLoader   : 监听到路由配置信息: [
    {
        "id": "item",
        "predicates": [{
            "name": "Path",
            "args": {"_genkey_0":"/items/**"}
        }],
        "filters": [],
        "uri": "lb://item-service"
    },
    {
        "id": "cart",
        "predicates": [{
            "name": "Path",
            "args": {"_genkey_0":"/carts/**"}
        }],
        "filters": [],
        "uri": "lb://cart-service"
    },
    {
        "id": "user",
        "predicates": [{
            "name": "Path",
            "args": {"_genkey_0":"/users/**", "_genkey_1":"/addresses/**"}
        }],
        "filters": [],
        "uri": "lb://user-service"
    },
    {
        "id": "trade",
        "predicates": [{
            "name": "Path",
            "args": {"_genkey_0":"/orders/**"}
        }],
        "filters": [],
        "uri": "lb://trade-service"
    },
    {
        "id": "pay",
        "predicates": [{
            "name": "Path",
            "args": {"_genkey_0":"/pay-orders/**"}
        }],
        "filters": [],
        "uri": "lb://pay-service"
    },
     {
        "id": "search",
        "predicates": [{
            "name": "Path",
            "args": {"_genkey_0":"/search/**"}
        }],
        "filters": [],
        "uri": "lb://search-service"
    }
    
]
18:31:58:434  INFO 12024 --- [main] o.s.c.g.r.RouteDefinitionRouteLocator    : Loaded RoutePredicateFactory [After]
18:31:58:435  INFO 12024 --- [main] o.s.c.g.r.RouteDefinitionRouteLocator    : Loaded RoutePredicateFactory [Before]
18:31:58:435  INFO 12024 --- [main] o.s.c.g.r.RouteDefinitionRouteLocator    : Loaded RoutePredicateFactory [Between]
18:31:58:435  INFO 12024 --- [main] o.s.c.g.r.RouteDefinitionRouteLocator    : Loaded RoutePredicateFactory [Cookie]
18:31:58:435  INFO 12024 --- [main] o.s.c.g.r.RouteDefinitionRouteLocator    : Loaded RoutePredicateFactory [Header]
18:31:58:435  INFO 12024 --- [main] o.s.c.g.r.RouteDefinitionRouteLocator    : Loaded RoutePredicateFactory [Host]
18:31:58:435  INFO 12024 --- [main] o.s.c.g.r.RouteDefinitionRouteLocator    : Loaded RoutePredicateFactory [Method]
18:31:58:435  INFO 12024 --- [main] o.s.c.g.r.RouteDefinitionRouteLocator    : Loaded RoutePredicateFactory [Path]
18:31:58:435  INFO 12024 --- [main] o.s.c.g.r.RouteDefinitionRouteLocator    : Loaded RoutePredicateFactory [Query]
18:31:58:435  INFO 12024 --- [main] o.s.c.g.r.RouteDefinitionRouteLocator    : Loaded RoutePredicateFactory [ReadBody]
18:31:58:435  INFO 12024 --- [main] o.s.c.g.r.RouteDefinitionRouteLocator    : Loaded RoutePredicateFactory [RemoteAddr]
18:31:58:435  INFO 12024 --- [main] o.s.c.g.r.RouteDefinitionRouteLocator    : Loaded RoutePredicateFactory [XForwardedRemoteAddr]
18:31:58:436  INFO 12024 --- [main] o.s.c.g.r.RouteDefinitionRouteLocator    : Loaded RoutePredicateFactory [Weight]
18:31:58:436  INFO 12024 --- [main] o.s.c.g.r.RouteDefinitionRouteLocator    : Loaded RoutePredicateFactory [CloudFoundryRouteService]
18:31:59:693  INFO 12024 --- [main] com.alibaba.nacos.common.remote.client   : [RpcClientFactory] create a new rpc client of 47ac4710-3a0b-457c-ade0-104d94fa6b9c
18:31:59:694  INFO 12024 --- [main] com.alibaba.nacos.common.remote.client   : [47ac4710-3a0b-457c-ade0-104d94fa6b9c] RpcClient init label, labels = {module=naming, source=sdk}
18:31:59:695  INFO 12024 --- [main] com.alibaba.nacos.common.remote.client   : [47ac4710-3a0b-457c-ade0-104d94fa6b9c] RpcClient init, ServerListFactory = com.alibaba.nacos.client.naming.core.ServerListManager
18:31:59:695  INFO 12024 --- [main] com.alibaba.nacos.common.remote.client   : [47ac4710-3a0b-457c-ade0-104d94fa6b9c] Registry connection listener to current client:com.alibaba.nacos.client.naming.remote.gprc.redo.NamingGrpcRedoService
18:31:59:695  INFO 12024 --- [main] com.alibaba.nacos.common.remote.client   : [47ac4710-3a0b-457c-ade0-104d94fa6b9c] Register server push request handler:com.alibaba.nacos.client.naming.remote.gprc.NamingPushRequestHandler
18:31:59:695  INFO 12024 --- [main] com.alibaba.nacos.common.remote.client   : [47ac4710-3a0b-457c-ade0-104d94fa6b9c] Try to connect to server on start up, server: {serverIp = '127.0.0.1', server main port = 8848}
18:31:59:817  INFO 12024 --- [main] com.alibaba.nacos.common.remote.client   : [47ac4710-3a0b-457c-ade0-104d94fa6b9c] Success to connect to server [127.0.0.1:8848] on start up, connectionId = 1745317919704_127.0.0.1_55657
18:31:59:817  INFO 12024 --- [main] com.alibaba.nacos.common.remote.client   : [47ac4710-3a0b-457c-ade0-104d94fa6b9c] Register server push request handler:com.alibaba.nacos.common.remote.client.RpcClient$ConnectResetRequestHandler
18:31:59:817  INFO 12024 --- [com.alibaba.nacos.client.remote.worker] com.alibaba.nacos.common.remote.client   : [47ac4710-3a0b-457c-ade0-104d94fa6b9c] Notify connected event to listeners.
18:31:59:817  INFO 12024 --- [main] com.alibaba.nacos.common.remote.client   : [47ac4710-3a0b-457c-ade0-104d94fa6b9c] Register server push request handler:com.alibaba.nacos.common.remote.client.RpcClient$$Lambda$467/0x00000008003f3040
18:32:00:439  INFO 12024 --- [nacos-grpc-client-executor-4] com.alibaba.nacos.common.remote.client   : [47ac4710-3a0b-457c-ade0-104d94fa6b9c] Receive server push request, request = NotifySubscriberRequest, requestId = 234
18:32:00:440  INFO 12024 --- [nacos-grpc-client-executor-4] com.alibaba.nacos.common.remote.client   : [47ac4710-3a0b-457c-ade0-104d94fa6b9c] Ack server push request, request = NotifySubscriberRequest, requestId = 234
18:32:00:703  INFO 12024 --- [main] o.s.b.web.embedded.netty.NettyWebServer  : Netty started on port 8080
18:32:03:001  INFO 12024 --- [main] c.a.c.n.registry.NacosServiceRegistry    : nacos registry, DEFAULT_GROUP gateway 192.168.249.1:8080 register finished
18:32:03:018  INFO 12024 --- [main] com.hmall.gateway.GatewayApplication     : Started GatewayApplication in 12.019 seconds (JVM running for 13.274)
18:32:03:022  INFO 12024 --- [main] c.a.c.n.refresh.NacosContextRefresher    : [Nacos Config] Listening config: dataId=gateway.yaml, group=DEFAULT_GROUP
18:32:03:023  INFO 12024 --- [main] c.a.c.n.refresh.NacosContextRefresher    : [Nacos Config] Listening config: dataId=gateway-dev.yaml, group=DEFAULT_GROUP
18:32:03:024  INFO 12024 --- [main] c.a.c.n.refresh.NacosContextRefresher    : [Nacos Config] Listening config: dataId=gateway, group=DEFAULT_GROUP
18:32:03:572  INFO 12024 --- [nacos-grpc-client-executor-8] com.alibaba.nacos.common.remote.client   : [47ac4710-3a0b-457c-ade0-104d94fa6b9c] Receive server push request, request = NotifySubscriberRequest, requestId = 235
18:32:03:589  INFO 12024 --- [nacos-grpc-client-executor-8] com.alibaba.nacos.common.remote.client   : [47ac4710-3a0b-457c-ade0-104d94fa6b9c] Ack server push request, request = NotifySubscriberRequest, requestId = 235
18:39:38:629  WARN 12024 --- [Thread-1] c.a.n.common.http.HttpClientBeanHolder   : [HttpClientBeanHolder] Start destroying common HttpClient
18:39:38:629  WARN 12024 --- [Thread-5] c.a.nacos.common.notify.NotifyCenter     : [NotifyCenter] Start destroying Publisher
18:39:38:631  WARN 12024 --- [Thread-5] c.a.nacos.common.notify.NotifyCenter     : [NotifyCenter] Destruction of the end
18:39:38:633  WARN 12024 --- [Thread-1] c.a.n.common.http.HttpClientBeanHolder   : [HttpClientBeanHolder] Destruction of the end
18:39:38:675  INFO 12024 --- [SpringApplicationShutdownHook] c.a.c.n.registry.NacosServiceRegistry    : De-registering from Nacos Server now...
18:39:38:683  INFO 12024 --- [SpringApplicationShutdownHook] c.a.c.n.registry.NacosServiceRegistry    : De-registration finished.
18:39:39:015  INFO 12024 --- [SpringApplicationShutdownHook] com.alibaba.nacos.common.remote.client   : Shutdown rpc client, set status to shutdown
18:39:39:015  INFO 12024 --- [SpringApplicationShutdownHook] com.alibaba.nacos.common.remote.client   : Shutdown client event executor java.util.concurrent.ScheduledThreadPoolExecutor@f2d75da[Running, pool size = 2, active threads = 2, queued tasks = 0, completed tasks = 0]
18:39:39:015  INFO 12024 --- [SpringApplicationShutdownHook] com.alibaba.nacos.common.remote.client   : Close current connection 1745317919704_127.0.0.1_55657
18:39:39:017  INFO 12024 --- [nacos-grpc-client-executor-102] c.a.n.c.remote.client.grpc.GrpcClient    : [1745317919704_127.0.0.1_55657]Ignore complete event,isRunning:false,isAbandon=false
18:39:39:022  INFO 12024 --- [SpringApplicationShutdownHook] c.a.n.c.remote.client.grpc.GrpcClient    : Shutdown grpc executor java.util.concurrent.ThreadPoolExecutor@3654cf80[Running, pool size = 5, active threads = 0, queued tasks = 0, completed tasks = 103]
