11:14:06:506  INFO 20152 --- [main] com.hmall.trade.tradeApplication         : Starting tradeApplication using Java 11.0.26 on JUN with PID 20152 (D:\javacode\heima-mall\hmall\trade-service\target\classes started by lenovo in D:\javacode\heima-mall\hmall)
11:14:06:509 DEBUG 20152 --- [main] com.hmall.trade.tradeApplication         : Running with Spring Boot v2.7.12, Spring v5.3.27
11:14:06:509  INFO 20152 --- [main] com.hmall.trade.tradeApplication         : The following 1 profile is active: "local"
11:14:07:507  INFO 20152 --- [main] o.s.cloud.context.scope.GenericScope     : BeanFactory id=a56cd999-1b90-303f-94dd-62b1c02fb39d
11:14:07:817  INFO 20152 --- [main] o.s.b.w.embedded.tomcat.TomcatWebServer  : Tomcat initialized with port(s): 8085 (http)
11:14:07:818  INFO 20152 --- [main] o.a.catalina.core.AprLifecycleListener   : Loaded Apache Tomcat Native library [2.0.8] using APR version [1.7.4].
11:14:07:819  INFO 20152 --- [main] o.a.catalina.core.AprLifecycleListener   : APR capabilities: IPv6 [true], sendfile [true], accept filters [false], random [true], UDS [true].
11:14:07:819  INFO 20152 --- [main] o.a.catalina.core.AprLifecycleListener   : APR/OpenSSL configuration: useAprConnector [false], useOpenSSL [true]
11:14:07:823  INFO 20152 --- [main] o.a.catalina.core.AprLifecycleListener   : OpenSSL successfully initialized [OpenSSL 3.0.14 4 Jun 2024]
11:14:07:831  INFO 20152 --- [main] o.apache.catalina.core.StandardService   : Starting service [Tomcat]
11:14:07:831  INFO 20152 --- [main] org.apache.catalina.core.StandardEngine  : Starting Servlet engine: [Apache Tomcat/9.0.75]
11:14:07:935  INFO 20152 --- [main] o.a.c.c.C.[Tomcat].[localhost].[/]       : Initializing Spring embedded WebApplicationContext
11:14:07:935  INFO 20152 --- [main] w.s.c.ServletWebServerApplicationContext : Root WebApplicationContext: initialization completed in 1384 ms
11:14:09:591  INFO 20152 --- [main] o.s.c.openfeign.FeignClientFactoryBean   : For 'item-service' URL not provided. Will try picking an instance via load-balancing.
11:14:09:642  INFO 20152 --- [main] o.s.c.openfeign.FeignClientFactoryBean   : For 'cart-service' URL not provided. Will try picking an instance via load-balancing.
11:14:09:793  INFO 20152 --- [main] o.s.c.openfeign.FeignClientFactoryBean   : For 'pay-service' URL not provided. Will try picking an instance via load-balancing.
11:14:10:604  INFO 20152 --- [main] pertySourcedRequestMappingHandlerMapping : Mapped URL path [/v2/api-docs] onto method [springfox.documentation.swagger2.web.Swagger2ControllerWebMvc#getDocumentation(String, HttpServletRequest)]
11:14:11:432  INFO 20152 --- [main] com.alibaba.nacos.common.remote.client   : [RpcClientFactory] create a new rpc client of 06ef0a07-986a-493c-a602-31cbe9bf5192
11:14:11:478  INFO 20152 --- [main] org.reflections.Reflections              : Reflections took 23 ms to scan 1 urls, producing 3 keys and 6 values 
11:14:11:496  INFO 20152 --- [main] org.reflections.Reflections              : Reflections took 5 ms to scan 1 urls, producing 4 keys and 9 values 
11:14:11:502  INFO 20152 --- [main] org.reflections.Reflections              : Reflections took 4 ms to scan 1 urls, producing 3 keys and 10 values 
11:14:11:507  WARN 20152 --- [main] org.reflections.Reflections              : given scan urls are empty. set urls in the configuration
11:14:11:513  INFO 20152 --- [main] org.reflections.Reflections              : Reflections took 6 ms to scan 1 urls, producing 1 keys and 5 values 
11:14:11:519  INFO 20152 --- [main] org.reflections.Reflections              : Reflections took 5 ms to scan 1 urls, producing 1 keys and 7 values 
11:14:11:525  INFO 20152 --- [main] org.reflections.Reflections              : Reflections took 4 ms to scan 1 urls, producing 2 keys and 8 values 
11:14:11:527  WARN 20152 --- [main] org.reflections.Reflections              : given scan urls are empty. set urls in the configuration
11:14:11:527  INFO 20152 --- [main] com.alibaba.nacos.common.remote.client   : [06ef0a07-986a-493c-a602-31cbe9bf5192] RpcClient init label, labels = {module=naming, source=sdk}
11:14:11:529  INFO 20152 --- [main] com.alibaba.nacos.common.remote.client   : [06ef0a07-986a-493c-a602-31cbe9bf5192] RpcClient init, ServerListFactory = com.alibaba.nacos.client.naming.core.ServerListManager
11:14:11:529  INFO 20152 --- [main] com.alibaba.nacos.common.remote.client   : [06ef0a07-986a-493c-a602-31cbe9bf5192] Registry connection listener to current client:com.alibaba.nacos.client.naming.remote.gprc.redo.NamingGrpcRedoService
11:14:11:529  INFO 20152 --- [main] com.alibaba.nacos.common.remote.client   : [06ef0a07-986a-493c-a602-31cbe9bf5192] Register server push request handler:com.alibaba.nacos.client.naming.remote.gprc.NamingPushRequestHandler
11:14:11:530  INFO 20152 --- [main] com.alibaba.nacos.common.remote.client   : [06ef0a07-986a-493c-a602-31cbe9bf5192] Try to connect to server on start up, server: {serverIp = 'localhost', server main port = 8848}
11:14:13:698  INFO 20152 --- [main] com.alibaba.nacos.common.remote.client   : [06ef0a07-986a-493c-a602-31cbe9bf5192] Success to connect to server [localhost:8848] on start up, connectionId = 1745291653498_127.0.0.1_59458
11:14:13:698  INFO 20152 --- [com.alibaba.nacos.client.remote.worker] com.alibaba.nacos.common.remote.client   : [06ef0a07-986a-493c-a602-31cbe9bf5192] Notify connected event to listeners.
11:14:13:700  INFO 20152 --- [main] com.alibaba.nacos.common.remote.client   : [06ef0a07-986a-493c-a602-31cbe9bf5192] Register server push request handler:com.alibaba.nacos.common.remote.client.RpcClient$ConnectResetRequestHandler
11:14:13:701  INFO 20152 --- [main] com.alibaba.nacos.common.remote.client   : [06ef0a07-986a-493c-a602-31cbe9bf5192] Register server push request handler:com.alibaba.nacos.common.remote.client.RpcClient$$Lambda$1125/0x0000000800752c40
11:14:13:764  INFO 20152 --- [main] o.s.b.w.embedded.tomcat.TomcatWebServer  : Tomcat started on port(s): 8085 (http) with context path ''
11:14:13:778  INFO 20152 --- [main] c.a.c.n.registry.NacosServiceRegistry    : nacos registry, DEFAULT_GROUP trade-service 192.168.249.1:8085 register finished
11:14:14:245  INFO 20152 --- [main] d.s.w.p.DocumentationPluginsBootstrapper : Documentation plugins bootstrapped
11:14:14:248  INFO 20152 --- [main] d.s.w.p.DocumentationPluginsBootstrapper : Found 1 custom documentation plugin(s)
11:14:14:269  INFO 20152 --- [main] s.d.s.w.s.ApiListingReferenceScanner     : Scanning for api listing references
11:14:14:333  INFO 20152 --- [nacos-grpc-client-executor-8] com.alibaba.nacos.common.remote.client   : [06ef0a07-986a-493c-a602-31cbe9bf5192] Receive server push request, request = NotifySubscriberRequest, requestId = 5
11:14:14:346  INFO 20152 --- [main] o.s.a.r.c.CachingConnectionFactory       : Attempting to connect to: [47.109.137.60:5672]
11:14:14:349  INFO 20152 --- [nacos-grpc-client-executor-8] com.alibaba.nacos.common.remote.client   : [06ef0a07-986a-493c-a602-31cbe9bf5192] Ack server push request, request = NotifySubscriberRequest, requestId = 5
11:14:14:592  INFO 20152 --- [main] o.s.a.r.c.CachingConnectionFactory       : Created new connection: rabbitConnectionFactory#30704f85:0/SimpleConnection@7c1c0892 [delegate=amqp://hmall@47.109.137.60:5672//hmall, localPort= 59463]
11:14:15:325  INFO 20152 --- [main] com.hmall.trade.tradeApplication         : Started tradeApplication in 9.888 seconds (JVM running for 11.994)
