11:14:13:092  INFO 1448 --- [main] com.hmall.user.userApplication           : Starting userApplication using Java 11.0.26 on JUN with PID 1448 (D:\javacode\heima-mall\hmall\user-service\target\classes started by lenovo in D:\javacode\heima-mall\hmall)
11:14:13:097 DEBUG 1448 --- [main] com.hmall.user.userApplication           : Running with Spring Boot v2.7.12, Spring v5.3.27
11:14:13:097  INFO 1448 --- [main] com.hmall.user.userApplication           : The following 1 profile is active: "local"
11:14:14:192  INFO 1448 --- [main] o.s.cloud.context.scope.GenericScope     : BeanFactory id=e0c99bdd-9d25-3b72-b0ff-11927eeddc18
11:14:14:521  INFO 1448 --- [main] o.s.b.w.embedded.tomcat.TomcatWebServer  : Tomcat initialized with port(s): 8084 (http)
11:14:14:522  INFO 1448 --- [main] o.a.catalina.core.AprLifecycleListener   : Loaded Apache Tomcat Native library [2.0.8] using APR version [1.7.4].
11:14:14:523  INFO 1448 --- [main] o.a.catalina.core.AprLifecycleListener   : APR capabilities: IPv6 [true], sendfile [true], accept filters [false], random [true], UDS [true].
11:14:14:523  INFO 1448 --- [main] o.a.catalina.core.AprLifecycleListener   : APR/OpenSSL configuration: useAprConnector [false], useOpenSSL [true]
11:14:14:529  INFO 1448 --- [main] o.a.catalina.core.AprLifecycleListener   : OpenSSL successfully initialized [OpenSSL 3.0.14 4 Jun 2024]
11:14:14:539  INFO 1448 --- [main] o.apache.catalina.core.StandardService   : Starting service [Tomcat]
11:14:14:539  INFO 1448 --- [main] org.apache.catalina.core.StandardEngine  : Starting Servlet engine: [Apache Tomcat/9.0.75]
11:14:14:644  INFO 1448 --- [main] o.a.c.c.C.[Tomcat].[localhost].[/]       : Initializing Spring embedded WebApplicationContext
11:14:14:644  INFO 1448 --- [main] w.s.c.ServletWebServerApplicationContext : Root WebApplicationContext: initialization completed in 1507 ms
11:14:17:950  INFO 1448 --- [main] pertySourcedRequestMappingHandlerMapping : Mapped URL path [/v2/api-docs] onto method [springfox.documentation.swagger2.web.Swagger2ControllerWebMvc#getDocumentation(String, HttpServletRequest)]
11:14:18:901  INFO 1448 --- [main] com.alibaba.nacos.common.remote.client   : [RpcClientFactory] create a new rpc client of bea35ed6-91d6-47d3-b27a-d980935682ba
11:14:18:945  INFO 1448 --- [main] org.reflections.Reflections              : Reflections took 26 ms to scan 1 urls, producing 3 keys and 6 values 
11:14:18:969  INFO 1448 --- [main] org.reflections.Reflections              : Reflections took 9 ms to scan 1 urls, producing 4 keys and 9 values 
11:14:18:976  INFO 1448 --- [main] org.reflections.Reflections              : Reflections took 4 ms to scan 1 urls, producing 3 keys and 10 values 
11:14:18:979  WARN 1448 --- [main] org.reflections.Reflections              : given scan urls are empty. set urls in the configuration
11:14:18:985  INFO 1448 --- [main] org.reflections.Reflections              : Reflections took 6 ms to scan 1 urls, producing 1 keys and 5 values 
11:14:18:991  INFO 1448 --- [main] org.reflections.Reflections              : Reflections took 5 ms to scan 1 urls, producing 1 keys and 7 values 
11:14:18:999  INFO 1448 --- [main] org.reflections.Reflections              : Reflections took 6 ms to scan 1 urls, producing 2 keys and 8 values 
11:14:19:000  WARN 1448 --- [main] org.reflections.Reflections              : given scan urls are empty. set urls in the configuration
11:14:19:002  INFO 1448 --- [main] com.alibaba.nacos.common.remote.client   : [bea35ed6-91d6-47d3-b27a-d980935682ba] RpcClient init label, labels = {module=naming, source=sdk}
11:14:19:004  INFO 1448 --- [main] com.alibaba.nacos.common.remote.client   : [bea35ed6-91d6-47d3-b27a-d980935682ba] RpcClient init, ServerListFactory = com.alibaba.nacos.client.naming.core.ServerListManager
11:14:19:004  INFO 1448 --- [main] com.alibaba.nacos.common.remote.client   : [bea35ed6-91d6-47d3-b27a-d980935682ba] Registry connection listener to current client:com.alibaba.nacos.client.naming.remote.gprc.redo.NamingGrpcRedoService
11:14:19:005  INFO 1448 --- [main] com.alibaba.nacos.common.remote.client   : [bea35ed6-91d6-47d3-b27a-d980935682ba] Register server push request handler:com.alibaba.nacos.client.naming.remote.gprc.NamingPushRequestHandler
11:14:19:006  INFO 1448 --- [main] com.alibaba.nacos.common.remote.client   : [bea35ed6-91d6-47d3-b27a-d980935682ba] Try to connect to server on start up, server: {serverIp = 'localhost', server main port = 8848}
11:14:20:932  INFO 1448 --- [main] com.alibaba.nacos.common.remote.client   : [bea35ed6-91d6-47d3-b27a-d980935682ba] Success to connect to server [localhost:8848] on start up, connectionId = 1745291660723_127.0.0.1_59563
11:14:20:933  INFO 1448 --- [com.alibaba.nacos.client.remote.worker] com.alibaba.nacos.common.remote.client   : [bea35ed6-91d6-47d3-b27a-d980935682ba] Notify connected event to listeners.
11:14:20:934  INFO 1448 --- [main] com.alibaba.nacos.common.remote.client   : [bea35ed6-91d6-47d3-b27a-d980935682ba] Register server push request handler:com.alibaba.nacos.common.remote.client.RpcClient$ConnectResetRequestHandler
11:14:20:935  INFO 1448 --- [main] com.alibaba.nacos.common.remote.client   : [bea35ed6-91d6-47d3-b27a-d980935682ba] Register server push request handler:com.alibaba.nacos.common.remote.client.RpcClient$$Lambda$1047/0x0000000800763c40
11:14:21:024  INFO 1448 --- [main] o.s.b.w.embedded.tomcat.TomcatWebServer  : Tomcat started on port(s): 8084 (http) with context path ''
11:14:21:043  INFO 1448 --- [main] c.a.c.n.registry.NacosServiceRegistry    : nacos registry, DEFAULT_GROUP user-service 192.168.249.1:8084 register finished
11:14:21:488  INFO 1448 --- [main] d.s.w.p.DocumentationPluginsBootstrapper : Documentation plugins bootstrapped
11:14:21:491  INFO 1448 --- [main] d.s.w.p.DocumentationPluginsBootstrapper : Found 1 custom documentation plugin(s)
11:14:21:507  INFO 1448 --- [main] s.d.s.w.s.ApiListingReferenceScanner     : Scanning for api listing references
11:14:21:521  INFO 1448 --- [nacos-grpc-client-executor-8] com.alibaba.nacos.common.remote.client   : [bea35ed6-91d6-47d3-b27a-d980935682ba] Receive server push request, request = NotifySubscriberRequest, requestId = 6
11:14:21:538  INFO 1448 --- [nacos-grpc-client-executor-8] com.alibaba.nacos.common.remote.client   : [bea35ed6-91d6-47d3-b27a-d980935682ba] Ack server push request, request = NotifySubscriberRequest, requestId = 6
11:14:21:607  INFO 1448 --- [main] com.hmall.user.userApplication           : Started userApplication in 9.809 seconds (JVM running for 12.285)
